08-Apr-2025 16:28:16.453 INFO [main] org.apache.catalina.startup.VersionLoggerListener.log Server version name:   Apache Tomcat/10.1.34
08-Apr-2025 16:28:16.453 INFO [main] org.apache.catalina.startup.VersionLoggerListener.log Server built:          Dec 5 2024 16:01:16 UTC
08-Apr-2025 16:28:16.453 INFO [main] org.apache.catalina.startup.VersionLoggerListener.log Server version number: 10.1.34.0
08-Apr-2025 16:28:16.453 INFO [main] org.apache.catalina.startup.VersionLoggerListener.log OS Name:               Windows 11
08-Apr-2025 16:28:16.453 INFO [main] org.apache.catalina.startup.VersionLoggerListener.log OS Version:            10.0
08-Apr-2025 16:28:16.453 INFO [main] org.apache.catalina.startup.VersionLoggerListener.log Architecture:          amd64
08-Apr-2025 16:28:16.453 INFO [main] org.apache.catalina.startup.VersionLoggerListener.log Java Home:             C:\Windows-Tomcat-HTTPD\jdk-11.0.25
08-Apr-2025 16:28:16.453 INFO [main] org.apache.catalina.startup.VersionLoggerListener.log JVM Version:           11.0.25+9-LTS-256
08-Apr-2025 16:28:16.453 INFO [main] org.apache.catalina.startup.VersionLoggerListener.log JVM Vendor:            Oracle Corporation
08-Apr-2025 16:28:16.453 INFO [main] org.apache.catalina.startup.VersionLoggerListener.log CATALINA_BASE:         C:\Windows-Tomcat-HTTPD\apache-tomcat-10.1.34\apache-tomcat-10.1.34
08-Apr-2025 16:28:16.453 INFO [main] org.apache.catalina.startup.VersionLoggerListener.log CATALINA_HOME:         C:\Windows-Tomcat-HTTPD\apache-tomcat-10.1.34\apache-tomcat-10.1.34
08-Apr-2025 16:28:16.469 INFO [main] org.apache.catalina.startup.VersionLoggerListener.log Command line argument: -Djava.util.logging.config.file=C:\Windows-Tomcat-HTTPD\apache-tomcat-10.1.34\apache-tomcat-10.1.34\conf\logging.properties
08-Apr-2025 16:28:16.469 INFO [main] org.apache.catalina.startup.VersionLoggerListener.log Command line argument: -Djava.util.logging.manager=org.apache.juli.ClassLoaderLogManager
08-Apr-2025 16:28:16.469 INFO [main] org.apache.catalina.startup.VersionLoggerListener.log Command line argument: -Djdk.tls.ephemeralDHKeySize=2048
08-Apr-2025 16:28:16.469 INFO [main] org.apache.catalina.startup.VersionLoggerListener.log Command line argument: -Djava.protocol.handler.pkgs=org.apache.catalina.webresources
08-Apr-2025 16:28:16.469 INFO [main] org.apache.catalina.startup.VersionLoggerListener.log Command line argument: --add-opens=java.base/java.lang=ALL-UNNAMED
08-Apr-2025 16:28:16.469 INFO [main] org.apache.catalina.startup.VersionLoggerListener.log Command line argument: --add-opens=java.base/java.io=ALL-UNNAMED
08-Apr-2025 16:28:16.469 INFO [main] org.apache.catalina.startup.VersionLoggerListener.log Command line argument: --add-opens=java.base/java.util=ALL-UNNAMED
08-Apr-2025 16:28:16.469 INFO [main] org.apache.catalina.startup.VersionLoggerListener.log Command line argument: --add-opens=java.base/java.util.concurrent=ALL-UNNAMED
08-Apr-2025 16:28:16.469 INFO [main] org.apache.catalina.startup.VersionLoggerListener.log Command line argument: --add-opens=java.rmi/sun.rmi.transport=ALL-UNNAMED
08-Apr-2025 16:28:16.469 INFO [main] org.apache.catalina.startup.VersionLoggerListener.log Command line argument: -Dcatalina.base=C:\Windows-Tomcat-HTTPD\apache-tomcat-10.1.34\apache-tomcat-10.1.34
08-Apr-2025 16:28:16.469 INFO [main] org.apache.catalina.startup.VersionLoggerListener.log Command line argument: -Dcatalina.home=C:\Windows-Tomcat-HTTPD\apache-tomcat-10.1.34\apache-tomcat-10.1.34
08-Apr-2025 16:28:16.476 INFO [main] org.apache.catalina.startup.VersionLoggerListener.log Command line argument: -Djava.io.tmpdir=C:\Windows-Tomcat-HTTPD\apache-tomcat-10.1.34\apache-tomcat-10.1.34\temp
08-Apr-2025 16:28:16.479 INFO [main] org.apache.catalina.core.AprLifecycleListener.lifecycleEvent The Apache Tomcat Native library which allows using OpenSSL was not found on the java.library.path: [C:\Windows-Tomcat-HTTPD\jdk-11.0.25\bin;C:\Windows\Sun\Java\bin;C:\Windows\system32;C:\Windows;C:\Windows-Tomcat-HTTPD\jdk-11.0.25\bin;C:\Windows\system32;C:\Windows;C:\Windows\System32\Wbem;C:\Windows\System32\WindowsPowerShell\v1.0\;C:\Windows\System32\OpenSSH\;C:\Users\mobicule\AppData\Local\Microsoft\WindowsApps;.]
08-Apr-2025 16:28:16.673 INFO [main] org.apache.coyote.AbstractProtocol.init Initializing ProtocolHandler ["http-nio-8080"]
08-Apr-2025 16:28:16.688 INFO [main] org.apache.coyote.AbstractProtocol.init Initializing ProtocolHandler ["ajp-nio-0.0.0.0-8009"]
08-Apr-2025 16:28:16.688 INFO [main] org.apache.catalina.startup.Catalina.load Server initialization in [396] milliseconds
08-Apr-2025 16:28:16.783 INFO [main] org.apache.catalina.core.StandardService.startInternal Starting service [Catalina]
08-Apr-2025 16:28:16.783 INFO [main] org.apache.catalina.core.StandardEngine.startInternal Starting Servlet engine: [Apache Tomcat/10.1.34]
08-Apr-2025 16:28:16.799 INFO [main] org.apache.catalina.startup.HostConfig.deployDirectory Deploying web application directory [C:\Windows-Tomcat-HTTPD\apache-tomcat-10.1.34\apache-tomcat-10.1.34\webapps\manager]
08-Apr-2025 16:28:17.489 WARNING [main] org.apache.catalina.util.SessionIdGeneratorBase.createSecureRandom Creation of SecureRandom instance for session ID generation using [SHA1PRNG] took [139] milliseconds.
08-Apr-2025 16:28:17.539 INFO [main] org.apache.catalina.startup.HostConfig.deployDirectory Deployment of web application directory [C:\Windows-Tomcat-HTTPD\apache-tomcat-10.1.34\apache-tomcat-10.1.34\webapps\manager] has finished in [740] ms
08-Apr-2025 16:28:17.539 INFO [main] org.apache.catalina.startup.HostConfig.deployDirectory Deploying web application directory [C:\Windows-Tomcat-HTTPD\apache-tomcat-10.1.34\apache-tomcat-10.1.34\webapps\ROOT]
08-Apr-2025 16:28:17.569 INFO [main] org.apache.catalina.startup.HostConfig.deployDirectory Deployment of web application directory [C:\Windows-Tomcat-HTTPD\apache-tomcat-10.1.34\apache-tomcat-10.1.34\webapps\ROOT] has finished in [30] ms
08-Apr-2025 16:28:17.574 INFO [main] org.apache.coyote.AbstractProtocol.start Starting ProtocolHandler ["http-nio-8080"]
08-Apr-2025 16:28:17.710 INFO [main] org.apache.coyote.AbstractProtocol.start Starting ProtocolHandler ["ajp-nio-0.0.0.0-8009"]
08-Apr-2025 16:28:17.718 INFO [main] org.apache.catalina.startup.Catalina.start Server startup in [1014] milliseconds
08-Apr-2025 16:51:59.793 INFO [main] org.apache.catalina.startup.VersionLoggerListener.log Server version name:   Apache Tomcat/10.1.34
08-Apr-2025 16:51:59.793 INFO [main] org.apache.catalina.startup.VersionLoggerListener.log Server built:          Dec 5 2024 16:01:16 UTC
08-Apr-2025 16:51:59.793 INFO [main] org.apache.catalina.startup.VersionLoggerListener.log Server version number: 10.1.34.0
08-Apr-2025 16:51:59.793 INFO [main] org.apache.catalina.startup.VersionLoggerListener.log OS Name:               Windows 11
08-Apr-2025 16:51:59.793 INFO [main] org.apache.catalina.startup.VersionLoggerListener.log OS Version:            10.0
08-Apr-2025 16:51:59.793 INFO [main] org.apache.catalina.startup.VersionLoggerListener.log Architecture:          amd64
08-Apr-2025 16:51:59.793 INFO [main] org.apache.catalina.startup.VersionLoggerListener.log Java Home:             C:\Windows-Tomcat-HTTPD\jdk-11.0.25
08-Apr-2025 16:51:59.793 INFO [main] org.apache.catalina.startup.VersionLoggerListener.log JVM Version:           11.0.25+9-LTS-256
08-Apr-2025 16:51:59.793 INFO [main] org.apache.catalina.startup.VersionLoggerListener.log JVM Vendor:            Oracle Corporation
08-Apr-2025 16:51:59.793 INFO [main] org.apache.catalina.startup.VersionLoggerListener.log CATALINA_BASE:         C:\Windows-Tomcat-HTTPD\apache-tomcat-10.1.34\apache-tomcat-10.1.34
08-Apr-2025 16:51:59.793 INFO [main] org.apache.catalina.startup.VersionLoggerListener.log CATALINA_HOME:         C:\Windows-Tomcat-HTTPD\apache-tomcat-10.1.34\apache-tomcat-10.1.34
08-Apr-2025 16:51:59.809 INFO [main] org.apache.catalina.startup.VersionLoggerListener.log Command line argument: -Djava.util.logging.config.file=C:\Windows-Tomcat-HTTPD\apache-tomcat-10.1.34\apache-tomcat-10.1.34\conf\logging.properties
08-Apr-2025 16:51:59.809 INFO [main] org.apache.catalina.startup.VersionLoggerListener.log Command line argument: -Djava.util.logging.manager=org.apache.juli.ClassLoaderLogManager
08-Apr-2025 16:51:59.809 INFO [main] org.apache.catalina.startup.VersionLoggerListener.log Command line argument: -Djdk.tls.ephemeralDHKeySize=2048
08-Apr-2025 16:51:59.809 INFO [main] org.apache.catalina.startup.VersionLoggerListener.log Command line argument: -Djava.protocol.handler.pkgs=org.apache.catalina.webresources
08-Apr-2025 16:51:59.809 INFO [main] org.apache.catalina.startup.VersionLoggerListener.log Command line argument: --add-opens=java.base/java.lang=ALL-UNNAMED
08-Apr-2025 16:51:59.809 INFO [main] org.apache.catalina.startup.VersionLoggerListener.log Command line argument: --add-opens=java.base/java.io=ALL-UNNAMED
08-Apr-2025 16:51:59.809 INFO [main] org.apache.catalina.startup.VersionLoggerListener.log Command line argument: --add-opens=java.base/java.util=ALL-UNNAMED
08-Apr-2025 16:51:59.809 INFO [main] org.apache.catalina.startup.VersionLoggerListener.log Command line argument: --add-opens=java.base/java.util.concurrent=ALL-UNNAMED
08-Apr-2025 16:51:59.809 INFO [main] org.apache.catalina.startup.VersionLoggerListener.log Command line argument: --add-opens=java.rmi/sun.rmi.transport=ALL-UNNAMED
08-Apr-2025 16:51:59.809 INFO [main] org.apache.catalina.startup.VersionLoggerListener.log Command line argument: -Dcatalina.base=C:\Windows-Tomcat-HTTPD\apache-tomcat-10.1.34\apache-tomcat-10.1.34
08-Apr-2025 16:51:59.809 INFO [main] org.apache.catalina.startup.VersionLoggerListener.log Command line argument: -Dcatalina.home=C:\Windows-Tomcat-HTTPD\apache-tomcat-10.1.34\apache-tomcat-10.1.34
08-Apr-2025 16:51:59.809 INFO [main] org.apache.catalina.startup.VersionLoggerListener.log Command line argument: -Djava.io.tmpdir=C:\Windows-Tomcat-HTTPD\apache-tomcat-10.1.34\apache-tomcat-10.1.34\temp
08-Apr-2025 16:51:59.822 INFO [main] org.apache.catalina.core.AprLifecycleListener.lifecycleEvent The Apache Tomcat Native library which allows using OpenSSL was not found on the java.library.path: [C:\Windows-Tomcat-HTTPD\jdk-11.0.25\bin;C:\Windows\Sun\Java\bin;C:\Windows\system32;C:\Windows;C:\Windows-Tomcat-HTTPD\jdk-11.0.25\bin;C:\Windows\system32;C:\Windows;C:\Windows\System32\Wbem;C:\Windows\System32\WindowsPowerShell\v1.0\;C:\Windows\System32\OpenSSH\;C:\Users\mobicule\AppData\Local\Microsoft\WindowsApps;.]
08-Apr-2025 16:52:00.045 INFO [main] org.apache.coyote.AbstractProtocol.init Initializing ProtocolHandler ["http-nio-8080"]
08-Apr-2025 16:52:00.061 INFO [main] org.apache.coyote.AbstractProtocol.init Initializing ProtocolHandler ["ajp-nio-0.0.0.0-8009"]
08-Apr-2025 16:52:00.076 INFO [main] org.apache.catalina.startup.Catalina.load Server initialization in [454] milliseconds
08-Apr-2025 16:52:00.123 INFO [main] org.apache.catalina.core.StandardService.startInternal Starting service [Catalina]
08-Apr-2025 16:52:00.123 INFO [main] org.apache.catalina.core.StandardEngine.startInternal Starting Servlet engine: [Apache Tomcat/10.1.34]
08-Apr-2025 16:52:00.123 INFO [main] org.apache.catalina.startup.HostConfig.deployDirectory Deploying web application directory [C:\Windows-Tomcat-HTTPD\apache-tomcat-10.1.34\apache-tomcat-10.1.34\webapps\manager]
08-Apr-2025 16:52:00.562 WARNING [main] org.apache.catalina.util.SessionIdGeneratorBase.createSecureRandom Creation of SecureRandom instance for session ID generation using [SHA1PRNG] took [141] milliseconds.
08-Apr-2025 16:52:00.609 INFO [main] org.apache.catalina.startup.HostConfig.deployDirectory Deployment of web application directory [C:\Windows-Tomcat-HTTPD\apache-tomcat-10.1.34\apache-tomcat-10.1.34\webapps\manager] has finished in [486] ms
08-Apr-2025 16:52:00.609 INFO [main] org.apache.catalina.startup.HostConfig.deployDirectory Deploying web application directory [C:\Windows-Tomcat-HTTPD\apache-tomcat-10.1.34\apache-tomcat-10.1.34\webapps\ROOT]
08-Apr-2025 16:52:00.624 INFO [main] org.apache.catalina.startup.HostConfig.deployDirectory Deployment of web application directory [C:\Windows-Tomcat-HTTPD\apache-tomcat-10.1.34\apache-tomcat-10.1.34\webapps\ROOT] has finished in [15] ms
08-Apr-2025 16:52:00.640 INFO [main] org.apache.coyote.AbstractProtocol.start Starting ProtocolHandler ["http-nio-8080"]
08-Apr-2025 16:52:00.797 INFO [main] org.apache.coyote.AbstractProtocol.start Starting ProtocolHandler ["ajp-nio-0.0.0.0-8009"]
08-Apr-2025 16:52:00.797 INFO [main] org.apache.catalina.startup.Catalina.start Server startup in [721] milliseconds
08-Apr-2025 21:27:18.896 INFO [main] org.apache.catalina.startup.VersionLoggerListener.log Server version name:   Apache Tomcat/10.1.34
08-Apr-2025 21:27:18.899 INFO [main] org.apache.catalina.startup.VersionLoggerListener.log Server built:          Dec 5 2024 16:01:16 UTC
08-Apr-2025 21:27:18.900 INFO [main] org.apache.catalina.startup.VersionLoggerListener.log Server version number: 10.1.34.0
08-Apr-2025 21:27:18.900 INFO [main] org.apache.catalina.startup.VersionLoggerListener.log OS Name:               Windows 11
08-Apr-2025 21:27:18.900 INFO [main] org.apache.catalina.startup.VersionLoggerListener.log OS Version:            10.0
08-Apr-2025 21:27:18.900 INFO [main] org.apache.catalina.startup.VersionLoggerListener.log Architecture:          amd64
08-Apr-2025 21:27:18.901 INFO [main] org.apache.catalina.startup.VersionLoggerListener.log Java Home:             C:\VS Code\Windows-Tomcat-HTTPD\jdk-11.0.25
08-Apr-2025 21:27:18.901 INFO [main] org.apache.catalina.startup.VersionLoggerListener.log JVM Version:           11.0.25+9-LTS-256
08-Apr-2025 21:27:18.901 INFO [main] org.apache.catalina.startup.VersionLoggerListener.log JVM Vendor:            Oracle Corporation
08-Apr-2025 21:27:18.901 INFO [main] org.apache.catalina.startup.VersionLoggerListener.log CATALINA_BASE:         C:\VS Code\Windows-Tomcat-HTTPD\apache-tomcat-10.1.34\apache-tomcat-10.1.34
08-Apr-2025 21:27:18.901 INFO [main] org.apache.catalina.startup.VersionLoggerListener.log CATALINA_HOME:         C:\VS Code\Windows-Tomcat-HTTPD\apache-tomcat-10.1.34\apache-tomcat-10.1.34
08-Apr-2025 21:27:18.914 INFO [main] org.apache.catalina.startup.VersionLoggerListener.log Command line argument: -Djava.util.logging.config.file=C:\VS Code\Windows-Tomcat-HTTPD\apache-tomcat-10.1.34\apache-tomcat-10.1.34\conf\logging.properties
08-Apr-2025 21:27:18.914 INFO [main] org.apache.catalina.startup.VersionLoggerListener.log Command line argument: -Djava.util.logging.manager=org.apache.juli.ClassLoaderLogManager
08-Apr-2025 21:27:18.914 INFO [main] org.apache.catalina.startup.VersionLoggerListener.log Command line argument: -Djdk.tls.ephemeralDHKeySize=2048
08-Apr-2025 21:27:18.914 INFO [main] org.apache.catalina.startup.VersionLoggerListener.log Command line argument: -Djava.protocol.handler.pkgs=org.apache.catalina.webresources
08-Apr-2025 21:27:18.914 INFO [main] org.apache.catalina.startup.VersionLoggerListener.log Command line argument: --add-opens=java.base/java.lang=ALL-UNNAMED
08-Apr-2025 21:27:18.915 INFO [main] org.apache.catalina.startup.VersionLoggerListener.log Command line argument: --add-opens=java.base/java.io=ALL-UNNAMED
08-Apr-2025 21:27:18.915 INFO [main] org.apache.catalina.startup.VersionLoggerListener.log Command line argument: --add-opens=java.base/java.util=ALL-UNNAMED
08-Apr-2025 21:27:18.916 INFO [main] org.apache.catalina.startup.VersionLoggerListener.log Command line argument: --add-opens=java.base/java.util.concurrent=ALL-UNNAMED
08-Apr-2025 21:27:18.916 INFO [main] org.apache.catalina.startup.VersionLoggerListener.log Command line argument: --add-opens=java.rmi/sun.rmi.transport=ALL-UNNAMED
08-Apr-2025 21:27:18.916 INFO [main] org.apache.catalina.startup.VersionLoggerListener.log Command line argument: -Dcatalina.base=C:\VS Code\Windows-Tomcat-HTTPD\apache-tomcat-10.1.34\apache-tomcat-10.1.34
08-Apr-2025 21:27:18.916 INFO [main] org.apache.catalina.startup.VersionLoggerListener.log Command line argument: -Dcatalina.home=C:\VS Code\Windows-Tomcat-HTTPD\apache-tomcat-10.1.34\apache-tomcat-10.1.34
08-Apr-2025 21:27:18.919 INFO [main] org.apache.catalina.startup.VersionLoggerListener.log Command line argument: -Djava.io.tmpdir=C:\VS Code\Windows-Tomcat-HTTPD\apache-tomcat-10.1.34\apache-tomcat-10.1.34\temp
08-Apr-2025 21:27:18.923 INFO [main] org.apache.catalina.core.AprLifecycleListener.lifecycleEvent The Apache Tomcat Native library which allows using OpenSSL was not found on the java.library.path: [C:\VS Code\Windows-Tomcat-HTTPD\jdk-11.0.25\bin;C:\Windows\Sun\Java\bin;C:\Windows\system32;C:\Windows;C:\VS Code\Windows-Tomcat-HTTPD\jdk-11.0.25\bin;C:\Program Files\Common Files\Oracle\Java\javapath;C:\Windows\system32;C:\Windows;C:\Windows\System32\Wbem;C:\Windows\System32\WindowsPowerShell\v1.0\;C:\Windows\System32\OpenSSH\;C:\Program Files\Tailscale\;C:\Program Files\WireGuard\;C:\Apps\Git\Git\cmd;C:\Program Files\Java\jdk-17\bin;C:\Apps\Minimal Fastboot and ADB Drivers\Minimal ADB and Fastboot;C:\Users\Gaurav Singh\AppData\Local\Microsoft\WindowsApps;C:\Apps\VS Code\Microsoft VS Code\bin;.]
08-Apr-2025 21:27:19.097 INFO [main] org.apache.coyote.AbstractProtocol.init Initializing ProtocolHandler ["http-nio-8080"]
08-Apr-2025 21:27:19.117 INFO [main] org.apache.coyote.AbstractProtocol.init Initializing ProtocolHandler ["ajp-nio-0.0.0.0-8009"]
08-Apr-2025 21:27:19.119 INFO [main] org.apache.catalina.startup.Catalina.load Server initialization in [392] milliseconds
08-Apr-2025 21:27:19.167 INFO [main] org.apache.catalina.core.StandardService.startInternal Starting service [Catalina]
08-Apr-2025 21:27:19.168 INFO [main] org.apache.catalina.core.StandardEngine.startInternal Starting Servlet engine: [Apache Tomcat/10.1.34]
08-Apr-2025 21:27:19.175 INFO [main] org.apache.catalina.startup.HostConfig.deployDirectory Deploying web application directory [C:\VS Code\Windows-Tomcat-HTTPD\apache-tomcat-10.1.34\apache-tomcat-10.1.34\webapps\manager]
08-Apr-2025 21:27:19.608 WARNING [main] org.apache.catalina.util.SessionIdGeneratorBase.createSecureRandom Creation of SecureRandom instance for session ID generation using [SHA1PRNG] took [173] milliseconds.
08-Apr-2025 21:27:19.652 INFO [main] org.apache.catalina.startup.HostConfig.deployDirectory Deployment of web application directory [C:\VS Code\Windows-Tomcat-HTTPD\apache-tomcat-10.1.34\apache-tomcat-10.1.34\webapps\manager] has finished in [477] ms
08-Apr-2025 21:27:19.654 INFO [main] org.apache.catalina.startup.HostConfig.deployDirectory Deploying web application directory [C:\VS Code\Windows-Tomcat-HTTPD\apache-tomcat-10.1.34\apache-tomcat-10.1.34\webapps\ROOT]
08-Apr-2025 21:27:19.678 INFO [main] org.apache.catalina.startup.HostConfig.deployDirectory Deployment of web application directory [C:\VS Code\Windows-Tomcat-HTTPD\apache-tomcat-10.1.34\apache-tomcat-10.1.34\webapps\ROOT] has finished in [24] ms
08-Apr-2025 21:27:19.682 INFO [main] org.apache.coyote.AbstractProtocol.start Starting ProtocolHandler ["http-nio-8080"]
08-Apr-2025 21:27:19.859 INFO [main] org.apache.coyote.AbstractProtocol.start Starting ProtocolHandler ["ajp-nio-0.0.0.0-8009"]
08-Apr-2025 21:27:19.861 INFO [main] org.apache.catalina.startup.Catalina.start Server startup in [742] milliseconds
08-Apr-2025 22:12:00.986 INFO [main] org.apache.catalina.startup.VersionLoggerListener.log Server version name:   Apache Tomcat/10.1.34
08-Apr-2025 22:12:00.989 INFO [main] org.apache.catalina.startup.VersionLoggerListener.log Server built:          Dec 5 2024 16:01:16 UTC
08-Apr-2025 22:12:00.989 INFO [main] org.apache.catalina.startup.VersionLoggerListener.log Server version number: 10.1.34.0
08-Apr-2025 22:12:00.989 INFO [main] org.apache.catalina.startup.VersionLoggerListener.log OS Name:               Windows 11
08-Apr-2025 22:12:00.989 INFO [main] org.apache.catalina.startup.VersionLoggerListener.log OS Version:            10.0
08-Apr-2025 22:12:00.989 INFO [main] org.apache.catalina.startup.VersionLoggerListener.log Architecture:          amd64
08-Apr-2025 22:12:00.990 INFO [main] org.apache.catalina.startup.VersionLoggerListener.log Java Home:             C:\VS Code\Windows-Tomcat-HTTPD\jdk-11.0.25
08-Apr-2025 22:12:00.990 INFO [main] org.apache.catalina.startup.VersionLoggerListener.log JVM Version:           11.0.25+9-LTS-256
08-Apr-2025 22:12:00.990 INFO [main] org.apache.catalina.startup.VersionLoggerListener.log JVM Vendor:            Oracle Corporation
08-Apr-2025 22:12:00.990 INFO [main] org.apache.catalina.startup.VersionLoggerListener.log CATALINA_BASE:         C:\VS Code\Windows-Tomcat-HTTPD\apache-tomcat-10.1.34\apache-tomcat-10.1.34
08-Apr-2025 22:12:00.990 INFO [main] org.apache.catalina.startup.VersionLoggerListener.log CATALINA_HOME:         C:\VS Code\Windows-Tomcat-HTTPD\apache-tomcat-10.1.34\apache-tomcat-10.1.34
08-Apr-2025 22:12:01.004 INFO [main] org.apache.catalina.startup.VersionLoggerListener.log Command line argument: -Djava.util.logging.config.file=C:\VS Code\Windows-Tomcat-HTTPD\apache-tomcat-10.1.34\apache-tomcat-10.1.34\conf\logging.properties
08-Apr-2025 22:12:01.005 INFO [main] org.apache.catalina.startup.VersionLoggerListener.log Command line argument: -Djava.util.logging.manager=org.apache.juli.ClassLoaderLogManager
08-Apr-2025 22:12:01.005 INFO [main] org.apache.catalina.startup.VersionLoggerListener.log Command line argument: -Djdk.tls.ephemeralDHKeySize=2048
08-Apr-2025 22:12:01.005 INFO [main] org.apache.catalina.startup.VersionLoggerListener.log Command line argument: -Djava.protocol.handler.pkgs=org.apache.catalina.webresources
08-Apr-2025 22:12:01.005 INFO [main] org.apache.catalina.startup.VersionLoggerListener.log Command line argument: --add-opens=java.base/java.lang=ALL-UNNAMED
08-Apr-2025 22:12:01.005 INFO [main] org.apache.catalina.startup.VersionLoggerListener.log Command line argument: --add-opens=java.base/java.io=ALL-UNNAMED
08-Apr-2025 22:12:01.005 INFO [main] org.apache.catalina.startup.VersionLoggerListener.log Command line argument: --add-opens=java.base/java.util=ALL-UNNAMED
08-Apr-2025 22:12:01.005 INFO [main] org.apache.catalina.startup.VersionLoggerListener.log Command line argument: --add-opens=java.base/java.util.concurrent=ALL-UNNAMED
08-Apr-2025 22:12:01.005 INFO [main] org.apache.catalina.startup.VersionLoggerListener.log Command line argument: --add-opens=java.rmi/sun.rmi.transport=ALL-UNNAMED
08-Apr-2025 22:12:01.006 INFO [main] org.apache.catalina.startup.VersionLoggerListener.log Command line argument: -Dcatalina.base=C:\VS Code\Windows-Tomcat-HTTPD\apache-tomcat-10.1.34\apache-tomcat-10.1.34
08-Apr-2025 22:12:01.006 INFO [main] org.apache.catalina.startup.VersionLoggerListener.log Command line argument: -Dcatalina.home=C:\VS Code\Windows-Tomcat-HTTPD\apache-tomcat-10.1.34\apache-tomcat-10.1.34
08-Apr-2025 22:12:01.006 INFO [main] org.apache.catalina.startup.VersionLoggerListener.log Command line argument: -Djava.io.tmpdir=C:\VS Code\Windows-Tomcat-HTTPD\apache-tomcat-10.1.34\apache-tomcat-10.1.34\temp
08-Apr-2025 22:12:01.009 INFO [main] org.apache.catalina.core.AprLifecycleListener.lifecycleEvent The Apache Tomcat Native library which allows using OpenSSL was not found on the java.library.path: [C:\VS Code\Windows-Tomcat-HTTPD\jdk-11.0.25\bin;C:\Windows\Sun\Java\bin;C:\Windows\system32;C:\Windows;C:\VS Code\Windows-Tomcat-HTTPD\jdk-11.0.25\bin;C:\Program Files\Common Files\Oracle\Java\javapath;C:\Windows\system32;C:\Windows;C:\Windows\System32\Wbem;C:\Windows\System32\WindowsPowerShell\v1.0\;C:\Windows\System32\OpenSSH\;C:\Program Files\Tailscale\;C:\Program Files\WireGuard\;C:\Apps\Git\Git\cmd;C:\Program Files\Java\jdk-17\bin;C:\Apps\Minimal Fastboot and ADB Drivers\Minimal ADB and Fastboot;C:\Users\Gaurav Singh\AppData\Local\Microsoft\WindowsApps;C:\Apps\VS Code\Microsoft VS Code\bin;.]
08-Apr-2025 22:12:01.174 INFO [main] org.apache.coyote.AbstractProtocol.init Initializing ProtocolHandler ["http-nio-9080"]
08-Apr-2025 22:12:01.192 INFO [main] org.apache.coyote.AbstractProtocol.init Initializing ProtocolHandler ["ajp-nio-0.0.0.0-8009"]
08-Apr-2025 22:12:01.193 INFO [main] org.apache.catalina.startup.Catalina.load Server initialization in [345] milliseconds
08-Apr-2025 22:12:01.225 INFO [main] org.apache.catalina.core.StandardService.startInternal Starting service [Catalina]
08-Apr-2025 22:12:01.225 INFO [main] org.apache.catalina.core.StandardEngine.startInternal Starting Servlet engine: [Apache Tomcat/10.1.34]
08-Apr-2025 22:12:01.232 INFO [main] org.apache.catalina.startup.HostConfig.deployDirectory Deploying web application directory [C:\VS Code\Windows-Tomcat-HTTPD\apache-tomcat-10.1.34\apache-tomcat-10.1.34\webapps\manager]
08-Apr-2025 22:12:01.637 WARNING [main] org.apache.catalina.util.SessionIdGeneratorBase.createSecureRandom Creation of SecureRandom instance for session ID generation using [SHA1PRNG] took [159] milliseconds.
08-Apr-2025 22:12:01.673 INFO [main] org.apache.catalina.startup.HostConfig.deployDirectory Deployment of web application directory [C:\VS Code\Windows-Tomcat-HTTPD\apache-tomcat-10.1.34\apache-tomcat-10.1.34\webapps\manager] has finished in [440] ms
08-Apr-2025 22:12:01.673 INFO [main] org.apache.catalina.startup.HostConfig.deployDirectory Deploying web application directory [C:\VS Code\Windows-Tomcat-HTTPD\apache-tomcat-10.1.34\apache-tomcat-10.1.34\webapps\ROOT]
08-Apr-2025 22:12:01.705 INFO [main] org.apache.catalina.startup.HostConfig.deployDirectory Deployment of web application directory [C:\VS Code\Windows-Tomcat-HTTPD\apache-tomcat-10.1.34\apache-tomcat-10.1.34\webapps\ROOT] has finished in [32] ms
08-Apr-2025 22:12:01.709 INFO [main] org.apache.coyote.AbstractProtocol.start Starting ProtocolHandler ["http-nio-9080"]
08-Apr-2025 22:12:01.877 INFO [main] org.apache.coyote.AbstractProtocol.start Starting ProtocolHandler ["ajp-nio-0.0.0.0-8009"]
08-Apr-2025 22:12:01.880 INFO [main] org.apache.catalina.startup.Catalina.start Server startup in [685] milliseconds
