05-Apr-2025 08:47:22.057 INFO [main] org.apache.catalina.startup.VersionLoggerListener.log Server version name:   Apache Tomcat/10.1.34
05-Apr-2025 08:47:22.061 INFO [main] org.apache.catalina.startup.VersionLoggerListener.log Server built:          Dec 5 2024 16:01:16 UTC
05-Apr-2025 08:47:22.061 INFO [main] org.apache.catalina.startup.VersionLoggerListener.log Server version number: 10.1.34.0
05-Apr-2025 08:47:22.061 INFO [main] org.apache.catalina.startup.VersionLoggerListener.log OS Name:               Windows 11
05-Apr-2025 08:47:22.061 INFO [main] org.apache.catalina.startup.VersionLoggerListener.log OS Version:            10.0
05-Apr-2025 08:47:22.061 INFO [main] org.apache.catalina.startup.VersionLoggerListener.log Architecture:          amd64
05-Apr-2025 08:47:22.061 INFO [main] org.apache.catalina.startup.VersionLoggerListener.log Java Home:             C:\Users\User\Downloads\Apache-Tomcat\jdk-11.0.25_windows-x64_bin\jdk-11.0.25
05-Apr-2025 08:47:22.061 INFO [main] org.apache.catalina.startup.VersionLoggerListener.log JVM Version:           11.0.25+9-LTS-256
05-Apr-2025 08:47:22.061 INFO [main] org.apache.catalina.startup.VersionLoggerListener.log JVM Vendor:            Oracle Corporation
05-Apr-2025 08:47:22.061 INFO [main] org.apache.catalina.startup.VersionLoggerListener.log CATALINA_BASE:         C:\Users\User\Downloads\Apache-Tomcat\apache-tomcat-10.1.34\apache-tomcat-10.1.34
05-Apr-2025 08:47:22.061 INFO [main] org.apache.catalina.startup.VersionLoggerListener.log CATALINA_HOME:         C:\Users\User\Downloads\Apache-Tomcat\apache-tomcat-10.1.34\apache-tomcat-10.1.34
05-Apr-2025 08:47:22.087 INFO [main] org.apache.catalina.startup.VersionLoggerListener.log Command line argument: -Djava.util.logging.config.file=C:\Users\User\Downloads\Apache-Tomcat\apache-tomcat-10.1.34\apache-tomcat-10.1.34\conf\logging.properties
05-Apr-2025 08:47:22.087 INFO [main] org.apache.catalina.startup.VersionLoggerListener.log Command line argument: -Djava.util.logging.manager=org.apache.juli.ClassLoaderLogManager
05-Apr-2025 08:47:22.091 INFO [main] org.apache.catalina.startup.VersionLoggerListener.log Command line argument: -Djdk.tls.ephemeralDHKeySize=2048
05-Apr-2025 08:47:22.091 INFO [main] org.apache.catalina.startup.VersionLoggerListener.log Command line argument: -Djava.protocol.handler.pkgs=org.apache.catalina.webresources
05-Apr-2025 08:47:22.093 INFO [main] org.apache.catalina.startup.VersionLoggerListener.log Command line argument: --add-opens=java.base/java.lang=ALL-UNNAMED
05-Apr-2025 08:47:22.093 INFO [main] org.apache.catalina.startup.VersionLoggerListener.log Command line argument: --add-opens=java.base/java.io=ALL-UNNAMED
05-Apr-2025 08:47:22.093 INFO [main] org.apache.catalina.startup.VersionLoggerListener.log Command line argument: --add-opens=java.base/java.util=ALL-UNNAMED
05-Apr-2025 08:47:22.093 INFO [main] org.apache.catalina.startup.VersionLoggerListener.log Command line argument: --add-opens=java.base/java.util.concurrent=ALL-UNNAMED
05-Apr-2025 08:47:22.093 INFO [main] org.apache.catalina.startup.VersionLoggerListener.log Command line argument: --add-opens=java.rmi/sun.rmi.transport=ALL-UNNAMED
05-Apr-2025 08:47:22.096 INFO [main] org.apache.catalina.startup.VersionLoggerListener.log Command line argument: -Dcatalina.base=C:\Users\User\Downloads\Apache-Tomcat\apache-tomcat-10.1.34\apache-tomcat-10.1.34
05-Apr-2025 08:47:22.096 INFO [main] org.apache.catalina.startup.VersionLoggerListener.log Command line argument: -Dcatalina.home=C:\Users\User\Downloads\Apache-Tomcat\apache-tomcat-10.1.34\apache-tomcat-10.1.34
05-Apr-2025 08:47:22.096 INFO [main] org.apache.catalina.startup.VersionLoggerListener.log Command line argument: -Djava.io.tmpdir=C:\Users\User\Downloads\Apache-Tomcat\apache-tomcat-10.1.34\apache-tomcat-10.1.34\temp
05-Apr-2025 08:47:22.104 INFO [main] org.apache.catalina.core.AprLifecycleListener.lifecycleEvent The Apache Tomcat Native library which allows using OpenSSL was not found on the java.library.path: [C:\Users\User\Downloads\Apache-Tomcat\jdk-11.0.25_windows-x64_bin\jdk-11.0.25\bin;C:\WINDOWS\Sun\Java\bin;C:\WINDOWS\system32;C:\WINDOWS;C:\Users\User\Downloads\Apache-Tomcat\jdk-11.0.25_windows-x64_bin\jdk-11.0.25\bin;C:\WINDOWS\system32;C:\WINDOWS;C:\WINDOWS\System32\Wbem;C:\WINDOWS\System32\WindowsPowerShell\v1.0\;C:\WINDOWS\System32\OpenSSH\;C:\Program Files\dotnet\;C:\Program Files\PuTTY\;C:\Users\User\AppData\Local\Microsoft\WindowsApps;;.]
05-Apr-2025 08:47:22.486 INFO [main] org.apache.coyote.AbstractProtocol.init Initializing ProtocolHandler ["http-nio-8080"]
05-Apr-2025 08:47:22.540 INFO [main] org.apache.catalina.startup.Catalina.load Server initialization in [851] milliseconds
05-Apr-2025 08:47:22.651 INFO [main] org.apache.catalina.core.StandardService.startInternal Starting service [Catalina]
05-Apr-2025 08:47:22.651 INFO [main] org.apache.catalina.core.StandardEngine.startInternal Starting Servlet engine: [Apache Tomcat/10.1.34]
05-Apr-2025 08:47:22.674 INFO [main] org.apache.catalina.startup.HostConfig.deployDirectory Deploying web application directory [C:\Users\User\Downloads\Apache-Tomcat\apache-tomcat-10.1.34\apache-tomcat-10.1.34\webapps\manager]
05-Apr-2025 08:47:23.958 WARNING [main] org.apache.catalina.util.SessionIdGeneratorBase.createSecureRandom Creation of SecureRandom instance for session ID generation using [SHA1PRNG] took [363] milliseconds.
05-Apr-2025 08:47:24.092 INFO [main] org.apache.catalina.startup.HostConfig.deployDirectory Deployment of web application directory [C:\Users\User\Downloads\Apache-Tomcat\apache-tomcat-10.1.34\apache-tomcat-10.1.34\webapps\manager] has finished in [1,418] ms
05-Apr-2025 08:47:24.097 INFO [main] org.apache.catalina.startup.HostConfig.deployDirectory Deploying web application directory [C:\Users\User\Downloads\Apache-Tomcat\apache-tomcat-10.1.34\apache-tomcat-10.1.34\webapps\ROOT]
05-Apr-2025 08:47:24.152 INFO [main] org.apache.catalina.startup.HostConfig.deployDirectory Deployment of web application directory [C:\Users\User\Downloads\Apache-Tomcat\apache-tomcat-10.1.34\apache-tomcat-10.1.34\webapps\ROOT] has finished in [60] ms
05-Apr-2025 08:47:24.164 INFO [main] org.apache.coyote.AbstractProtocol.start Starting ProtocolHandler ["http-nio-8080"]
05-Apr-2025 08:47:24.463 INFO [main] org.apache.catalina.startup.Catalina.start Server startup in [1920] milliseconds
05-Apr-2025 14:22:29.238 INFO [main] org.apache.catalina.startup.VersionLoggerListener.log Server version name:   Apache Tomcat/10.1.34
05-Apr-2025 14:22:29.246 INFO [main] org.apache.catalina.startup.VersionLoggerListener.log Server built:          Dec 5 2024 16:01:16 UTC
05-Apr-2025 14:22:29.247 INFO [main] org.apache.catalina.startup.VersionLoggerListener.log Server version number: 10.1.34.0
05-Apr-2025 14:22:29.249 INFO [main] org.apache.catalina.startup.VersionLoggerListener.log OS Name:               Windows 11
05-Apr-2025 14:22:29.249 INFO [main] org.apache.catalina.startup.VersionLoggerListener.log OS Version:            10.0
05-Apr-2025 14:22:29.249 INFO [main] org.apache.catalina.startup.VersionLoggerListener.log Architecture:          amd64
05-Apr-2025 14:22:29.249 INFO [main] org.apache.catalina.startup.VersionLoggerListener.log Java Home:             C:\Users\User\Downloads\Apache-Tomcat\jdk-11.0.25_windows-x64_bin\jdk-11.0.25
05-Apr-2025 14:22:29.249 INFO [main] org.apache.catalina.startup.VersionLoggerListener.log JVM Version:           11.0.25+9-LTS-256
05-Apr-2025 14:22:29.249 INFO [main] org.apache.catalina.startup.VersionLoggerListener.log JVM Vendor:            Oracle Corporation
05-Apr-2025 14:22:29.251 INFO [main] org.apache.catalina.startup.VersionLoggerListener.log CATALINA_BASE:         C:\Users\User\Downloads\Apache-Tomcat\apache-tomcat-10.1.34\apache-tomcat-10.1.34
05-Apr-2025 14:22:29.251 INFO [main] org.apache.catalina.startup.VersionLoggerListener.log CATALINA_HOME:         C:\Users\User\Downloads\Apache-Tomcat\apache-tomcat-10.1.34\apache-tomcat-10.1.34
05-Apr-2025 14:22:29.294 INFO [main] org.apache.catalina.startup.VersionLoggerListener.log Command line argument: -Djava.util.logging.config.file=C:\Users\User\Downloads\Apache-Tomcat\apache-tomcat-10.1.34\apache-tomcat-10.1.34\conf\logging.properties
05-Apr-2025 14:22:29.294 INFO [main] org.apache.catalina.startup.VersionLoggerListener.log Command line argument: -Djava.util.logging.manager=org.apache.juli.ClassLoaderLogManager
05-Apr-2025 14:22:29.294 INFO [main] org.apache.catalina.startup.VersionLoggerListener.log Command line argument: -Djdk.tls.ephemeralDHKeySize=2048
05-Apr-2025 14:22:29.296 INFO [main] org.apache.catalina.startup.VersionLoggerListener.log Command line argument: -Djava.protocol.handler.pkgs=org.apache.catalina.webresources
05-Apr-2025 14:22:29.296 INFO [main] org.apache.catalina.startup.VersionLoggerListener.log Command line argument: --add-opens=java.base/java.lang=ALL-UNNAMED
05-Apr-2025 14:22:29.296 INFO [main] org.apache.catalina.startup.VersionLoggerListener.log Command line argument: --add-opens=java.base/java.io=ALL-UNNAMED
05-Apr-2025 14:22:29.296 INFO [main] org.apache.catalina.startup.VersionLoggerListener.log Command line argument: --add-opens=java.base/java.util=ALL-UNNAMED
05-Apr-2025 14:22:29.296 INFO [main] org.apache.catalina.startup.VersionLoggerListener.log Command line argument: --add-opens=java.base/java.util.concurrent=ALL-UNNAMED
05-Apr-2025 14:22:29.296 INFO [main] org.apache.catalina.startup.VersionLoggerListener.log Command line argument: --add-opens=java.rmi/sun.rmi.transport=ALL-UNNAMED
05-Apr-2025 14:22:29.297 INFO [main] org.apache.catalina.startup.VersionLoggerListener.log Command line argument: -Dcatalina.base=C:\Users\User\Downloads\Apache-Tomcat\apache-tomcat-10.1.34\apache-tomcat-10.1.34
05-Apr-2025 14:22:29.297 INFO [main] org.apache.catalina.startup.VersionLoggerListener.log Command line argument: -Dcatalina.home=C:\Users\User\Downloads\Apache-Tomcat\apache-tomcat-10.1.34\apache-tomcat-10.1.34
05-Apr-2025 14:22:29.297 INFO [main] org.apache.catalina.startup.VersionLoggerListener.log Command line argument: -Djava.io.tmpdir=C:\Users\User\Downloads\Apache-Tomcat\apache-tomcat-10.1.34\apache-tomcat-10.1.34\temp
05-Apr-2025 14:22:29.305 INFO [main] org.apache.catalina.core.AprLifecycleListener.lifecycleEvent The Apache Tomcat Native library which allows using OpenSSL was not found on the java.library.path: [C:\Users\User\Downloads\Apache-Tomcat\jdk-11.0.25_windows-x64_bin\jdk-11.0.25\bin;C:\WINDOWS\Sun\Java\bin;C:\WINDOWS\system32;C:\WINDOWS;C:\Users\User\Downloads\Apache-Tomcat\jdk-11.0.25_windows-x64_bin\jdk-11.0.25\bin;C:\WINDOWS\system32;C:\WINDOWS;C:\WINDOWS\System32\Wbem;C:\WINDOWS\System32\WindowsPowerShell\v1.0\;C:\WINDOWS\System32\OpenSSH\;C:\Program Files\dotnet\;C:\Program Files\PuTTY\;C:\Users\User\AppData\Local\Microsoft\WindowsApps;;.]
05-Apr-2025 14:22:29.716 INFO [main] org.apache.coyote.AbstractProtocol.init Initializing ProtocolHandler ["http-nio-8080"]
05-Apr-2025 14:22:29.771 INFO [main] org.apache.catalina.startup.Catalina.load Server initialization in [858] milliseconds
05-Apr-2025 14:22:29.883 INFO [main] org.apache.catalina.core.StandardService.startInternal Starting service [Catalina]
05-Apr-2025 14:22:29.886 INFO [main] org.apache.catalina.core.StandardEngine.startInternal Starting Servlet engine: [Apache Tomcat/10.1.34]
05-Apr-2025 14:22:29.897 INFO [main] org.apache.catalina.startup.HostConfig.deployDirectory Deploying web application directory [C:\Users\User\Downloads\Apache-Tomcat\apache-tomcat-10.1.34\apache-tomcat-10.1.34\webapps\manager]
05-Apr-2025 14:22:30.776 WARNING [main] org.apache.catalina.util.SessionIdGeneratorBase.createSecureRandom Creation of SecureRandom instance for session ID generation using [SHA1PRNG] took [351] milliseconds.
05-Apr-2025 14:22:30.927 INFO [main] org.apache.catalina.startup.HostConfig.deployDirectory Deployment of web application directory [C:\Users\User\Downloads\Apache-Tomcat\apache-tomcat-10.1.34\apache-tomcat-10.1.34\webapps\manager] has finished in [1,030] ms
05-Apr-2025 14:22:30.942 INFO [main] org.apache.catalina.startup.HostConfig.deployDirectory Deploying web application directory [C:\Users\User\Downloads\Apache-Tomcat\apache-tomcat-10.1.34\apache-tomcat-10.1.34\webapps\ROOT]
05-Apr-2025 14:22:31.017 INFO [main] org.apache.catalina.startup.HostConfig.deployDirectory Deployment of web application directory [C:\Users\User\Downloads\Apache-Tomcat\apache-tomcat-10.1.34\apache-tomcat-10.1.34\webapps\ROOT] has finished in [75] ms
05-Apr-2025 14:22:31.027 INFO [main] org.apache.coyote.AbstractProtocol.start Starting ProtocolHandler ["http-nio-8080"]
05-Apr-2025 14:22:31.384 INFO [main] org.apache.catalina.startup.Catalina.start Server startup in [1610] milliseconds
05-Apr-2025 14:22:52.375 INFO [Thread-1] org.apache.coyote.AbstractProtocol.pause Pausing ProtocolHandler ["http-nio-8080"]
05-Apr-2025 14:22:52.875 INFO [Thread-1] org.apache.catalina.core.StandardService.stopInternal Stopping service [Catalina]
05-Apr-2025 14:22:52.912 INFO [Thread-1] org.apache.coyote.AbstractProtocol.stop Stopping ProtocolHandler ["http-nio-8080"]
05-Apr-2025 14:22:52.926 INFO [Thread-1] org.apache.coyote.AbstractProtocol.destroy Destroying ProtocolHandler ["http-nio-8080"]
05-Apr-2025 14:23:02.638 INFO [main] org.apache.catalina.startup.VersionLoggerListener.log Server version name:   Apache Tomcat/10.1.34
05-Apr-2025 14:23:02.645 INFO [main] org.apache.catalina.startup.VersionLoggerListener.log Server built:          Dec 5 2024 16:01:16 UTC
05-Apr-2025 14:23:02.648 INFO [main] org.apache.catalina.startup.VersionLoggerListener.log Server version number: 10.1.34.0
05-Apr-2025 14:23:02.650 INFO [main] org.apache.catalina.startup.VersionLoggerListener.log OS Name:               Windows 11
05-Apr-2025 14:23:02.650 INFO [main] org.apache.catalina.startup.VersionLoggerListener.log OS Version:            10.0
05-Apr-2025 14:23:02.650 INFO [main] org.apache.catalina.startup.VersionLoggerListener.log Architecture:          amd64
05-Apr-2025 14:23:02.650 INFO [main] org.apache.catalina.startup.VersionLoggerListener.log Java Home:             C:\Users\User\Downloads\Apache-Tomcat\jdk-11.0.25_windows-x64_bin\jdk-11.0.25
05-Apr-2025 14:23:02.650 INFO [main] org.apache.catalina.startup.VersionLoggerListener.log JVM Version:           11.0.25+9-LTS-256
05-Apr-2025 14:23:02.650 INFO [main] org.apache.catalina.startup.VersionLoggerListener.log JVM Vendor:            Oracle Corporation
05-Apr-2025 14:23:02.652 INFO [main] org.apache.catalina.startup.VersionLoggerListener.log CATALINA_BASE:         C:\Users\User\Downloads\Apache-Tomcat\apache-tomcat-10.1.34\apache-tomcat-10.1.34
05-Apr-2025 14:23:02.652 INFO [main] org.apache.catalina.startup.VersionLoggerListener.log CATALINA_HOME:         C:\Users\User\Downloads\Apache-Tomcat\apache-tomcat-10.1.34\apache-tomcat-10.1.34
05-Apr-2025 14:23:02.670 INFO [main] org.apache.catalina.startup.VersionLoggerListener.log Command line argument: -Djava.util.logging.config.file=C:\Users\User\Downloads\Apache-Tomcat\apache-tomcat-10.1.34\apache-tomcat-10.1.34\conf\logging.properties
05-Apr-2025 14:23:02.674 INFO [main] org.apache.catalina.startup.VersionLoggerListener.log Command line argument: -Djava.util.logging.manager=org.apache.juli.ClassLoaderLogManager
05-Apr-2025 14:23:02.674 INFO [main] org.apache.catalina.startup.VersionLoggerListener.log Command line argument: -Djdk.tls.ephemeralDHKeySize=2048
05-Apr-2025 14:23:02.674 INFO [main] org.apache.catalina.startup.VersionLoggerListener.log Command line argument: -Djava.protocol.handler.pkgs=org.apache.catalina.webresources
05-Apr-2025 14:23:02.674 INFO [main] org.apache.catalina.startup.VersionLoggerListener.log Command line argument: --add-opens=java.base/java.lang=ALL-UNNAMED
05-Apr-2025 14:23:02.675 INFO [main] org.apache.catalina.startup.VersionLoggerListener.log Command line argument: --add-opens=java.base/java.io=ALL-UNNAMED
05-Apr-2025 14:23:02.675 INFO [main] org.apache.catalina.startup.VersionLoggerListener.log Command line argument: --add-opens=java.base/java.util=ALL-UNNAMED
05-Apr-2025 14:23:02.675 INFO [main] org.apache.catalina.startup.VersionLoggerListener.log Command line argument: --add-opens=java.base/java.util.concurrent=ALL-UNNAMED
05-Apr-2025 14:23:02.676 INFO [main] org.apache.catalina.startup.VersionLoggerListener.log Command line argument: --add-opens=java.rmi/sun.rmi.transport=ALL-UNNAMED
05-Apr-2025 14:23:02.676 INFO [main] org.apache.catalina.startup.VersionLoggerListener.log Command line argument: -Dcatalina.base=C:\Users\User\Downloads\Apache-Tomcat\apache-tomcat-10.1.34\apache-tomcat-10.1.34
05-Apr-2025 14:23:02.676 INFO [main] org.apache.catalina.startup.VersionLoggerListener.log Command line argument: -Dcatalina.home=C:\Users\User\Downloads\Apache-Tomcat\apache-tomcat-10.1.34\apache-tomcat-10.1.34
05-Apr-2025 14:23:02.676 INFO [main] org.apache.catalina.startup.VersionLoggerListener.log Command line argument: -Djava.io.tmpdir=C:\Users\User\Downloads\Apache-Tomcat\apache-tomcat-10.1.34\apache-tomcat-10.1.34\temp
05-Apr-2025 14:23:02.676 INFO [main] org.apache.catalina.core.AprLifecycleListener.lifecycleEvent The Apache Tomcat Native library which allows using OpenSSL was not found on the java.library.path: [C:\Users\User\Downloads\Apache-Tomcat\jdk-11.0.25_windows-x64_bin\jdk-11.0.25\bin;C:\WINDOWS\Sun\Java\bin;C:\WINDOWS\system32;C:\WINDOWS;C:\Users\User\Downloads\Apache-Tomcat\jdk-11.0.25_windows-x64_bin\jdk-11.0.25\bin;C:\WINDOWS\system32;C:\WINDOWS;C:\WINDOWS\System32\Wbem;C:\WINDOWS\System32\WindowsPowerShell\v1.0\;C:\WINDOWS\System32\OpenSSH\;C:\Program Files\dotnet\;C:\Program Files\PuTTY\;C:\Users\User\AppData\Local\Microsoft\WindowsApps;;.]
05-Apr-2025 14:23:03.054 INFO [main] org.apache.coyote.AbstractProtocol.init Initializing ProtocolHandler ["http-nio-8080"]
05-Apr-2025 14:23:03.094 INFO [main] org.apache.catalina.startup.Catalina.load Server initialization in [711] milliseconds
05-Apr-2025 14:23:03.185 INFO [main] org.apache.catalina.core.StandardService.startInternal Starting service [Catalina]
05-Apr-2025 14:23:03.185 INFO [main] org.apache.catalina.core.StandardEngine.startInternal Starting Servlet engine: [Apache Tomcat/10.1.34]
05-Apr-2025 14:23:03.197 INFO [main] org.apache.catalina.startup.HostConfig.deployDirectory Deploying web application directory [C:\Users\User\Downloads\Apache-Tomcat\apache-tomcat-10.1.34\apache-tomcat-10.1.34\webapps\manager]
05-Apr-2025 14:23:03.865 WARNING [main] org.apache.catalina.util.SessionIdGeneratorBase.createSecureRandom Creation of SecureRandom instance for session ID generation using [SHA1PRNG] took [268] milliseconds.
05-Apr-2025 14:23:03.959 INFO [main] org.apache.catalina.startup.HostConfig.deployDirectory Deployment of web application directory [C:\Users\User\Downloads\Apache-Tomcat\apache-tomcat-10.1.34\apache-tomcat-10.1.34\webapps\manager] has finished in [762] ms
05-Apr-2025 14:23:03.959 INFO [main] org.apache.catalina.startup.HostConfig.deployDirectory Deploying web application directory [C:\Users\User\Downloads\Apache-Tomcat\apache-tomcat-10.1.34\apache-tomcat-10.1.34\webapps\ROOT]
05-Apr-2025 14:23:04.012 INFO [main] org.apache.catalina.startup.HostConfig.deployDirectory Deployment of web application directory [C:\Users\User\Downloads\Apache-Tomcat\apache-tomcat-10.1.34\apache-tomcat-10.1.34\webapps\ROOT] has finished in [53] ms
05-Apr-2025 14:23:04.020 INFO [main] org.apache.coyote.AbstractProtocol.start Starting ProtocolHandler ["http-nio-8080"]
05-Apr-2025 14:23:04.351 INFO [main] org.apache.catalina.startup.Catalina.start Server startup in [1256] milliseconds
05-Apr-2025 14:40:44.583 INFO [main] org.apache.catalina.startup.VersionLoggerListener.log Server version name:   Apache Tomcat/10.1.34
05-Apr-2025 14:40:44.590 INFO [main] org.apache.catalina.startup.VersionLoggerListener.log Server built:          Dec 5 2024 16:01:16 UTC
05-Apr-2025 14:40:44.594 INFO [main] org.apache.catalina.startup.VersionLoggerListener.log Server version number: 10.1.34.0
05-Apr-2025 14:40:44.596 INFO [main] org.apache.catalina.startup.VersionLoggerListener.log OS Name:               Windows 11
05-Apr-2025 14:40:44.596 INFO [main] org.apache.catalina.startup.VersionLoggerListener.log OS Version:            10.0
05-Apr-2025 14:40:44.596 INFO [main] org.apache.catalina.startup.VersionLoggerListener.log Architecture:          amd64
05-Apr-2025 14:40:44.596 INFO [main] org.apache.catalina.startup.VersionLoggerListener.log Java Home:             C:\Users\User\Downloads\Apache-Tomcat\jdk-11.0.25_windows-x64_bin\jdk-11.0.25
05-Apr-2025 14:40:44.596 INFO [main] org.apache.catalina.startup.VersionLoggerListener.log JVM Version:           11.0.25+9-LTS-256
05-Apr-2025 14:40:44.598 INFO [main] org.apache.catalina.startup.VersionLoggerListener.log JVM Vendor:            Oracle Corporation
05-Apr-2025 14:40:44.598 INFO [main] org.apache.catalina.startup.VersionLoggerListener.log CATALINA_BASE:         C:\Users\User\Downloads\Apache-Tomcat\apache-tomcat-10.1.34\apache-tomcat-10.1.34
05-Apr-2025 14:40:44.598 INFO [main] org.apache.catalina.startup.VersionLoggerListener.log CATALINA_HOME:         C:\Users\User\Downloads\Apache-Tomcat\apache-tomcat-10.1.34\apache-tomcat-10.1.34
05-Apr-2025 14:40:44.610 INFO [main] org.apache.catalina.startup.VersionLoggerListener.log Command line argument: -Djava.util.logging.config.file=C:\Users\User\Downloads\Apache-Tomcat\apache-tomcat-10.1.34\apache-tomcat-10.1.34\conf\logging.properties
05-Apr-2025 14:40:44.610 INFO [main] org.apache.catalina.startup.VersionLoggerListener.log Command line argument: -Djava.util.logging.manager=org.apache.juli.ClassLoaderLogManager
05-Apr-2025 14:40:44.610 INFO [main] org.apache.catalina.startup.VersionLoggerListener.log Command line argument: -Djdk.tls.ephemeralDHKeySize=2048
05-Apr-2025 14:40:44.610 INFO [main] org.apache.catalina.startup.VersionLoggerListener.log Command line argument: -Djava.protocol.handler.pkgs=org.apache.catalina.webresources
05-Apr-2025 14:40:44.610 INFO [main] org.apache.catalina.startup.VersionLoggerListener.log Command line argument: --add-opens=java.base/java.lang=ALL-UNNAMED
05-Apr-2025 14:40:44.610 INFO [main] org.apache.catalina.startup.VersionLoggerListener.log Command line argument: --add-opens=java.base/java.io=ALL-UNNAMED
05-Apr-2025 14:40:44.610 INFO [main] org.apache.catalina.startup.VersionLoggerListener.log Command line argument: --add-opens=java.base/java.util=ALL-UNNAMED
05-Apr-2025 14:40:44.610 INFO [main] org.apache.catalina.startup.VersionLoggerListener.log Command line argument: --add-opens=java.base/java.util.concurrent=ALL-UNNAMED
05-Apr-2025 14:40:44.610 INFO [main] org.apache.catalina.startup.VersionLoggerListener.log Command line argument: --add-opens=java.rmi/sun.rmi.transport=ALL-UNNAMED
05-Apr-2025 14:40:44.613 INFO [main] org.apache.catalina.startup.VersionLoggerListener.log Command line argument: -Dcatalina.base=C:\Users\User\Downloads\Apache-Tomcat\apache-tomcat-10.1.34\apache-tomcat-10.1.34
05-Apr-2025 14:40:44.613 INFO [main] org.apache.catalina.startup.VersionLoggerListener.log Command line argument: -Dcatalina.home=C:\Users\User\Downloads\Apache-Tomcat\apache-tomcat-10.1.34\apache-tomcat-10.1.34
05-Apr-2025 14:40:44.613 INFO [main] org.apache.catalina.startup.VersionLoggerListener.log Command line argument: -Djava.io.tmpdir=C:\Users\User\Downloads\Apache-Tomcat\apache-tomcat-10.1.34\apache-tomcat-10.1.34\temp
05-Apr-2025 14:40:44.617 INFO [main] org.apache.catalina.core.AprLifecycleListener.lifecycleEvent The Apache Tomcat Native library which allows using OpenSSL was not found on the java.library.path: [C:\Users\User\Downloads\Apache-Tomcat\jdk-11.0.25_windows-x64_bin\jdk-11.0.25\bin;C:\WINDOWS\Sun\Java\bin;C:\WINDOWS\system32;C:\WINDOWS;C:\Users\User\Downloads\Apache-Tomcat\jdk-11.0.25_windows-x64_bin\jdk-11.0.25\bin;C:\WINDOWS\system32;C:\WINDOWS;C:\WINDOWS\System32\Wbem;C:\WINDOWS\System32\WindowsPowerShell\v1.0\;C:\WINDOWS\System32\OpenSSH\;C:\Program Files\dotnet\;C:\Program Files\PuTTY\;C:\Users\User\AppData\Local\Microsoft\WindowsApps;;.]
05-Apr-2025 14:40:44.990 INFO [main] org.apache.coyote.AbstractProtocol.init Initializing ProtocolHandler ["http-nio-8080"]
05-Apr-2025 14:40:45.030 INFO [main] org.apache.coyote.AbstractProtocol.init Initializing ProtocolHandler ["ajp-nio-0.0.0.0-8009"]
05-Apr-2025 14:40:45.034 INFO [main] org.apache.catalina.startup.Catalina.load Server initialization in [742] milliseconds
05-Apr-2025 14:40:45.119 INFO [main] org.apache.catalina.core.StandardService.startInternal Starting service [Catalina]
05-Apr-2025 14:40:45.120 INFO [main] org.apache.catalina.core.StandardEngine.startInternal Starting Servlet engine: [Apache Tomcat/10.1.34]
05-Apr-2025 14:40:45.135 INFO [main] org.apache.catalina.startup.HostConfig.deployDirectory Deploying web application directory [C:\Users\User\Downloads\Apache-Tomcat\apache-tomcat-10.1.34\apache-tomcat-10.1.34\webapps\manager]
05-Apr-2025 14:40:45.853 WARNING [main] org.apache.catalina.util.SessionIdGeneratorBase.createSecureRandom Creation of SecureRandom instance for session ID generation using [SHA1PRNG] took [286] milliseconds.
05-Apr-2025 14:40:45.936 INFO [main] org.apache.catalina.startup.HostConfig.deployDirectory Deployment of web application directory [C:\Users\User\Downloads\Apache-Tomcat\apache-tomcat-10.1.34\apache-tomcat-10.1.34\webapps\manager] has finished in [801] ms
05-Apr-2025 14:40:45.936 INFO [main] org.apache.catalina.startup.HostConfig.deployDirectory Deploying web application directory [C:\Users\User\Downloads\Apache-Tomcat\apache-tomcat-10.1.34\apache-tomcat-10.1.34\webapps\ROOT]
05-Apr-2025 14:40:45.996 INFO [main] org.apache.catalina.startup.HostConfig.deployDirectory Deployment of web application directory [C:\Users\User\Downloads\Apache-Tomcat\apache-tomcat-10.1.34\apache-tomcat-10.1.34\webapps\ROOT] has finished in [60] ms
05-Apr-2025 14:40:46.011 INFO [main] org.apache.coyote.AbstractProtocol.start Starting ProtocolHandler ["http-nio-8080"]
05-Apr-2025 14:40:46.290 INFO [main] org.apache.coyote.AbstractProtocol.start Starting ProtocolHandler ["ajp-nio-0.0.0.0-8009"]
05-Apr-2025 14:40:46.297 INFO [main] org.apache.catalina.startup.Catalina.start Server startup in [1264] milliseconds
05-Apr-2025 16:02:41.102 INFO [Thread-1] org.apache.coyote.AbstractProtocol.pause Pausing ProtocolHandler ["http-nio-8080"]
05-Apr-2025 16:02:41.627 INFO [Thread-1] org.apache.coyote.AbstractProtocol.pause Pausing ProtocolHandler ["ajp-nio-0.0.0.0-8009"]
05-Apr-2025 16:02:42.066 INFO [Thread-1] org.apache.catalina.core.StandardService.stopInternal Stopping service [Catalina]
05-Apr-2025 16:02:42.112 INFO [Thread-1] org.apache.coyote.AbstractProtocol.stop Stopping ProtocolHandler ["http-nio-8080"]
05-Apr-2025 16:02:42.122 INFO [Thread-1] org.apache.coyote.AbstractProtocol.stop Stopping ProtocolHandler ["ajp-nio-0.0.0.0-8009"]
05-Apr-2025 16:02:42.140 INFO [Thread-1] org.apache.coyote.AbstractProtocol.destroy Destroying ProtocolHandler ["http-nio-8080"]
05-Apr-2025 16:02:42.141 INFO [Thread-1] org.apache.coyote.AbstractProtocol.destroy Destroying ProtocolHandler ["ajp-nio-0.0.0.0-8009"]
