01-Apr-2025 10:34:28.890 INFO [main] org.apache.catalina.startup.VersionLoggerListener.log Server version name:   Apache Tomcat/10.1.34
01-Apr-2025 10:34:28.894 INFO [main] org.apache.catalina.startup.VersionLoggerListener.log Server built:          Dec 5 2024 16:01:16 UTC
01-Apr-2025 10:34:28.894 INFO [main] org.apache.catalina.startup.VersionLoggerListener.log Server version number: 10.1.34.0
01-Apr-2025 10:34:28.894 INFO [main] org.apache.catalina.startup.VersionLoggerListener.log OS Name:               Linux
01-Apr-2025 10:34:28.894 INFO [main] org.apache.catalina.startup.VersionLoggerListener.log OS Version:            6.11.0-21-generic
01-Apr-2025 10:34:28.894 INFO [main] org.apache.catalina.startup.VersionLoggerListener.log Architecture:          amd64
01-Apr-2025 10:34:28.894 INFO [main] org.apache.catalina.startup.VersionLoggerListener.log Java Home:             /usr/lib/jvm/java-11-openjdk-amd64
01-Apr-2025 10:34:28.894 INFO [main] org.apache.catalina.startup.VersionLoggerListener.log JVM Version:           11.0.26+4-post-Ubuntu-1ubuntu124.04
01-Apr-2025 10:34:28.895 INFO [main] org.apache.catalina.startup.VersionLoggerListener.log JVM Vendor:            Ubuntu
01-Apr-2025 10:34:28.895 INFO [main] org.apache.catalina.startup.VersionLoggerListener.log CATALINA_BASE:         /home/gourav/VS_Code/Mob-Pipeline-Code/Infra Setup Pipeline/Tomcat-10.1.34/vanilla (Copy)/apache-tomcat-10.1.34
01-Apr-2025 10:34:28.895 INFO [main] org.apache.catalina.startup.VersionLoggerListener.log CATALINA_HOME:         /home/gourav/VS_Code/Mob-Pipeline-Code/Infra Setup Pipeline/Tomcat-10.1.34/vanilla (Copy)/apache-tomcat-10.1.34
01-Apr-2025 10:34:28.915 INFO [main] org.apache.catalina.startup.VersionLoggerListener.log Command line argument: -Djava.util.logging.config.file=/home/gourav/VS_Code/Mob-Pipeline-Code/Infra Setup Pipeline/Tomcat-10.1.34/vanilla (Copy)/apache-tomcat-10.1.34/conf/logging.properties
01-Apr-2025 10:34:28.916 INFO [main] org.apache.catalina.startup.VersionLoggerListener.log Command line argument: -Djava.util.logging.manager=org.apache.juli.ClassLoaderLogManager
01-Apr-2025 10:34:28.916 INFO [main] org.apache.catalina.startup.VersionLoggerListener.log Command line argument: -Djdk.tls.ephemeralDHKeySize=2048
01-Apr-2025 10:34:28.916 INFO [main] org.apache.catalina.startup.VersionLoggerListener.log Command line argument: -Djava.protocol.handler.pkgs=org.apache.catalina.webresources
01-Apr-2025 10:34:28.916 INFO [main] org.apache.catalina.startup.VersionLoggerListener.log Command line argument: -Dorg.apache.catalina.security.SecurityListener.UMASK=0027
01-Apr-2025 10:34:28.916 INFO [main] org.apache.catalina.startup.VersionLoggerListener.log Command line argument: --add-opens=java.base/java.lang=ALL-UNNAMED
01-Apr-2025 10:34:28.917 INFO [main] org.apache.catalina.startup.VersionLoggerListener.log Command line argument: --add-opens=java.base/java.io=ALL-UNNAMED
01-Apr-2025 10:34:28.917 INFO [main] org.apache.catalina.startup.VersionLoggerListener.log Command line argument: --add-opens=java.base/java.util=ALL-UNNAMED
01-Apr-2025 10:34:28.917 INFO [main] org.apache.catalina.startup.VersionLoggerListener.log Command line argument: --add-opens=java.base/java.util.concurrent=ALL-UNNAMED
01-Apr-2025 10:34:28.917 INFO [main] org.apache.catalina.startup.VersionLoggerListener.log Command line argument: --add-opens=java.rmi/sun.rmi.transport=ALL-UNNAMED
01-Apr-2025 10:34:28.917 INFO [main] org.apache.catalina.startup.VersionLoggerListener.log Command line argument: -Dcatalina.base=/home/gourav/VS_Code/Mob-Pipeline-Code/Infra Setup Pipeline/Tomcat-10.1.34/vanilla (Copy)/apache-tomcat-10.1.34
01-Apr-2025 10:34:28.917 INFO [main] org.apache.catalina.startup.VersionLoggerListener.log Command line argument: -Dcatalina.home=/home/gourav/VS_Code/Mob-Pipeline-Code/Infra Setup Pipeline/Tomcat-10.1.34/vanilla (Copy)/apache-tomcat-10.1.34
01-Apr-2025 10:34:28.917 INFO [main] org.apache.catalina.startup.VersionLoggerListener.log Command line argument: -Djava.io.tmpdir=/home/gourav/VS_Code/Mob-Pipeline-Code/Infra Setup Pipeline/Tomcat-10.1.34/vanilla (Copy)/apache-tomcat-10.1.34/temp
01-Apr-2025 10:34:28.921 INFO [main] org.apache.catalina.core.AprLifecycleListener.lifecycleEvent The Apache Tomcat Native library which allows using OpenSSL was not found on the java.library.path: [/usr/java/packages/lib:/usr/lib/x86_64-linux-gnu/jni:/lib/x86_64-linux-gnu:/usr/lib/x86_64-linux-gnu:/usr/lib/jni:/lib:/usr/lib]
01-Apr-2025 10:34:29.350 INFO [main] org.apache.coyote.AbstractProtocol.init Initializing ProtocolHandler ["http-nio-8080"]
01-Apr-2025 10:34:29.385 INFO [main] org.apache.catalina.startup.Catalina.load Server initialization in [831] milliseconds
01-Apr-2025 10:34:29.469 INFO [main] org.apache.catalina.core.StandardService.startInternal Starting service [Catalina]
01-Apr-2025 10:34:29.469 INFO [main] org.apache.catalina.core.StandardEngine.startInternal Starting Servlet engine: [Apache Tomcat/10.1.34]
01-Apr-2025 10:34:29.487 INFO [main] org.apache.catalina.startup.HostConfig.deployDirectory Deploying web application directory [/home/gourav/VS_Code/Mob-Pipeline-Code/Infra Setup Pipeline/Tomcat-10.1.34/vanilla (Copy)/apache-tomcat-10.1.34/webapps/manager]
01-Apr-2025 10:34:30.274 INFO [main] org.apache.catalina.startup.HostConfig.deployDirectory Deployment of web application directory [/home/gourav/VS_Code/Mob-Pipeline-Code/Infra Setup Pipeline/Tomcat-10.1.34/vanilla (Copy)/apache-tomcat-10.1.34/webapps/manager] has finished in [788] ms
01-Apr-2025 10:34:30.275 INFO [main] org.apache.catalina.startup.HostConfig.deployDirectory Deploying web application directory [/home/gourav/VS_Code/Mob-Pipeline-Code/Infra Setup Pipeline/Tomcat-10.1.34/vanilla (Copy)/apache-tomcat-10.1.34/webapps/ROOT]
01-Apr-2025 10:34:30.318 INFO [main] org.apache.catalina.startup.HostConfig.deployDirectory Deployment of web application directory [/home/gourav/VS_Code/Mob-Pipeline-Code/Infra Setup Pipeline/Tomcat-10.1.34/vanilla (Copy)/apache-tomcat-10.1.34/webapps/ROOT] has finished in [44] ms
01-Apr-2025 10:34:30.324 INFO [main] org.apache.coyote.AbstractProtocol.start Starting ProtocolHandler ["http-nio-8080"]
01-Apr-2025 10:34:30.339 INFO [main] org.apache.catalina.startup.Catalina.start Server startup in [953] milliseconds
