31-Mar-2025 13:56:14.284 INFO [main] org.apache.catalina.core.ApplicationContext.log ContextListener: contextInitialized()
31-Mar-2025 13:56:14.285 INFO [main] org.apache.catalina.core.ApplicationContext.log SessionListener: contextInitialized()
31-Mar-2025 13:56:14.286 INFO [main] org.apache.catalina.core.ApplicationContext.log ContextListener: attributeAdded('StockTicker', 'async.Stockticker@593e824f')
31-Mar-2025 13:58:45.565 INFO [main] org.apache.catalina.core.ApplicationContext.log ContextListener: contextInitialized()
31-Mar-2025 13:58:45.565 INFO [main] org.apache.catalina.core.ApplicationContext.log SessionListener: contextInitialized()
31-Mar-2025 13:58:45.567 INFO [main] org.apache.catalina.core.ApplicationContext.log ContextListener: attributeAdded('StockTicker', 'async.Stockticker@35fe2125')
31-Mar-2025 13:58:45.652 INFO [main] org.apache.catalina.core.ApplicationContext.log SessionListener: contextDestroyed()
31-Mar-2025 13:58:45.652 INFO [main] org.apache.catalina.core.ApplicationContext.log ContextListener: contextDestroyed()
31-Mar-2025 14:05:14.540 INFO [Catalina-utility-2] org.apache.catalina.core.ApplicationContext.log SessionListener: contextDestroyed()
31-Mar-2025 14:05:14.540 INFO [Catalina-utility-2] org.apache.catalina.core.ApplicationContext.log ContextListener: contextDestroyed()
31-Mar-2025 14:05:14.709 INFO [Catalina-utility-2] org.apache.catalina.core.ApplicationContext.log ContextListener: contextInitialized()
31-Mar-2025 14:05:14.709 INFO [Catalina-utility-2] org.apache.catalina.core.ApplicationContext.log SessionListener: contextInitialized()
31-Mar-2025 14:05:14.710 INFO [Catalina-utility-2] org.apache.catalina.core.ApplicationContext.log ContextListener: attributeAdded('StockTicker', 'async.Stockticker@401b842a')
31-Mar-2025 14:57:56.021 INFO [main] org.apache.catalina.core.ApplicationContext.log ContextListener: contextInitialized()
31-Mar-2025 14:57:56.021 INFO [main] org.apache.catalina.core.ApplicationContext.log SessionListener: contextInitialized()
31-Mar-2025 14:57:56.024 INFO [main] org.apache.catalina.core.ApplicationContext.log ContextListener: attributeAdded('StockTicker', 'async.Stockticker@72ccd81a')
31-Mar-2025 14:59:36.281 INFO [Catalina-utility-1] org.apache.catalina.core.ApplicationContext.log SessionListener: contextDestroyed()
31-Mar-2025 14:59:36.281 INFO [Catalina-utility-1] org.apache.catalina.core.ApplicationContext.log ContextListener: contextDestroyed()
31-Mar-2025 15:01:26.875 INFO [Catalina-utility-2] org.apache.catalina.core.ApplicationContext.log ContextListener: contextInitialized()
31-Mar-2025 15:01:26.875 INFO [Catalina-utility-2] org.apache.catalina.core.ApplicationContext.log SessionListener: contextInitialized()
31-Mar-2025 15:01:26.876 INFO [Catalina-utility-2] org.apache.catalina.core.ApplicationContext.log ContextListener: attributeAdded('StockTicker', 'async.Stockticker@66156b6f')
31-Mar-2025 15:04:46.981 INFO [Catalina-utility-1] org.apache.catalina.core.ApplicationContext.log SessionListener: contextDestroyed()
31-Mar-2025 15:04:46.981 INFO [Catalina-utility-1] org.apache.catalina.core.ApplicationContext.log ContextListener: contextDestroyed()
31-Mar-2025 15:04:47.075 INFO [Catalina-utility-1] org.apache.catalina.core.ApplicationContext.log ContextListener: contextInitialized()
31-Mar-2025 15:04:47.076 INFO [Catalina-utility-1] org.apache.catalina.core.ApplicationContext.log SessionListener: contextInitialized()
31-Mar-2025 15:04:47.077 INFO [Catalina-utility-1] org.apache.catalina.core.ApplicationContext.log ContextListener: attributeAdded('StockTicker', 'async.Stockticker@ef3caf4')
31-Mar-2025 15:05:07.157 INFO [Catalina-utility-2] org.apache.catalina.core.ApplicationContext.log SessionListener: contextDestroyed()
31-Mar-2025 15:05:07.157 INFO [Catalina-utility-2] org.apache.catalina.core.ApplicationContext.log ContextListener: contextDestroyed()
31-Mar-2025 15:05:07.259 INFO [Catalina-utility-2] org.apache.catalina.core.ApplicationContext.log ContextListener: contextInitialized()
31-Mar-2025 15:05:07.259 INFO [Catalina-utility-2] org.apache.catalina.core.ApplicationContext.log SessionListener: contextInitialized()
31-Mar-2025 15:05:07.260 INFO [Catalina-utility-2] org.apache.catalina.core.ApplicationContext.log ContextListener: attributeAdded('StockTicker', 'async.Stockticker@1a53894a')
31-Mar-2025 15:05:17.370 INFO [Catalina-utility-2] org.apache.catalina.core.ApplicationContext.log SessionListener: contextDestroyed()
31-Mar-2025 15:05:17.370 INFO [Catalina-utility-2] org.apache.catalina.core.ApplicationContext.log ContextListener: contextDestroyed()
31-Mar-2025 15:05:17.467 INFO [Catalina-utility-2] org.apache.catalina.core.ApplicationContext.log ContextListener: contextInitialized()
31-Mar-2025 15:05:17.467 INFO [Catalina-utility-2] org.apache.catalina.core.ApplicationContext.log SessionListener: contextInitialized()
31-Mar-2025 15:05:17.468 INFO [Catalina-utility-2] org.apache.catalina.core.ApplicationContext.log ContextListener: attributeAdded('StockTicker', 'async.Stockticker@2848f2b0')
31-Mar-2025 15:05:37.538 INFO [Catalina-utility-2] org.apache.catalina.core.ApplicationContext.log SessionListener: contextDestroyed()
31-Mar-2025 15:05:37.538 INFO [Catalina-utility-2] org.apache.catalina.core.ApplicationContext.log ContextListener: contextDestroyed()
31-Mar-2025 15:05:37.622 INFO [Catalina-utility-2] org.apache.catalina.core.ApplicationContext.log ContextListener: contextInitialized()
31-Mar-2025 15:05:37.623 INFO [Catalina-utility-2] org.apache.catalina.core.ApplicationContext.log SessionListener: contextInitialized()
31-Mar-2025 15:05:37.623 INFO [Catalina-utility-2] org.apache.catalina.core.ApplicationContext.log ContextListener: attributeAdded('StockTicker', 'async.Stockticker@d123564')
31-Mar-2025 15:05:47.695 INFO [Catalina-utility-1] org.apache.catalina.core.ApplicationContext.log SessionListener: contextDestroyed()
31-Mar-2025 15:05:47.695 INFO [Catalina-utility-1] org.apache.catalina.core.ApplicationContext.log ContextListener: contextDestroyed()
31-Mar-2025 15:05:47.780 INFO [Catalina-utility-1] org.apache.catalina.core.ApplicationContext.log ContextListener: contextInitialized()
31-Mar-2025 15:05:47.780 INFO [Catalina-utility-1] org.apache.catalina.core.ApplicationContext.log SessionListener: contextInitialized()
31-Mar-2025 15:05:47.781 INFO [Catalina-utility-1] org.apache.catalina.core.ApplicationContext.log ContextListener: attributeAdded('StockTicker', 'async.Stockticker@5127de8c')
31-Mar-2025 15:11:17.892 INFO [Catalina-utility-1] org.apache.catalina.core.ApplicationContext.log SessionListener: contextDestroyed()
31-Mar-2025 15:11:17.892 INFO [Catalina-utility-1] org.apache.catalina.core.ApplicationContext.log ContextListener: contextDestroyed()
31-Mar-2025 15:11:17.987 INFO [Catalina-utility-1] org.apache.catalina.core.ApplicationContext.log ContextListener: contextInitialized()
31-Mar-2025 15:11:17.987 INFO [Catalina-utility-1] org.apache.catalina.core.ApplicationContext.log SessionListener: contextInitialized()
31-Mar-2025 15:11:17.988 INFO [Catalina-utility-1] org.apache.catalina.core.ApplicationContext.log ContextListener: attributeAdded('StockTicker', 'async.Stockticker@63c8a21b')
31-Mar-2025 15:34:18.187 SEVERE [Catalina-utility-2] org.apache.tomcat.util.descriptor.web.SecurityConstraint.findUncoveredHttpMethods For security constraints with URL pattern [/*] only the HTTP methods [DELETE OPTIONS] are covered. All other methods are uncovered.
31-Mar-2025 15:34:18.189 INFO [Catalina-utility-2] org.apache.catalina.core.ApplicationContext.log SessionListener: contextDestroyed()
31-Mar-2025 15:34:18.190 INFO [Catalina-utility-2] org.apache.catalina.core.ApplicationContext.log ContextListener: contextDestroyed()
31-Mar-2025 15:34:18.271 INFO [Catalina-utility-2] org.apache.catalina.core.ApplicationContext.log ContextListener: contextInitialized()
31-Mar-2025 15:34:18.271 INFO [Catalina-utility-2] org.apache.catalina.core.ApplicationContext.log SessionListener: contextInitialized()
31-Mar-2025 15:34:18.272 INFO [Catalina-utility-2] org.apache.catalina.core.ApplicationContext.log ContextListener: attributeAdded('StockTicker', 'async.Stockticker@15d14ade')
31-Mar-2025 15:34:18.272 SEVERE [Catalina-utility-2] org.apache.tomcat.util.descriptor.web.SecurityConstraint.findUncoveredHttpMethods For security constraints with URL pattern [/*] only the HTTP methods [DELETE OPTIONS] are covered. All other methods are uncovered.
31-Mar-2025 15:34:18.306 SEVERE [Catalina-utility-2] org.apache.tomcat.util.descriptor.web.SecurityConstraint.findUncoveredHttpMethods For security constraints with URL pattern [/*] only the HTTP methods [DELETE OPTIONS] are covered. All other methods are uncovered.
31-Mar-2025 15:37:49.328 INFO [Catalina-utility-2] org.apache.catalina.core.ApplicationContext.log SessionListener: contextDestroyed()
31-Mar-2025 15:37:49.328 INFO [Catalina-utility-2] org.apache.catalina.core.ApplicationContext.log ContextListener: contextDestroyed()
31-Mar-2025 17:30:35.797 SEVERE [main] org.apache.tomcat.util.descriptor.web.SecurityConstraint.findUncoveredHttpMethods For security constraints with URL pattern [/*] only the HTTP methods [DELETE OPTIONS] are covered. All other methods are uncovered.
31-Mar-2025 17:30:36.180 INFO [main] org.apache.catalina.core.ApplicationContext.log ContextListener: contextInitialized()
31-Mar-2025 17:30:36.181 INFO [main] org.apache.catalina.core.ApplicationContext.log SessionListener: contextInitialized()
31-Mar-2025 17:30:36.183 INFO [main] org.apache.catalina.core.ApplicationContext.log ContextListener: attributeAdded('StockTicker', 'async.Stockticker@47874b25')
31-Mar-2025 17:30:36.183 SEVERE [main] org.apache.tomcat.util.descriptor.web.SecurityConstraint.findUncoveredHttpMethods For security constraints with URL pattern [/*] only the HTTP methods [DELETE OPTIONS] are covered. All other methods are uncovered.
31-Mar-2025 17:30:36.250 SEVERE [main] org.apache.tomcat.util.descriptor.web.SecurityConstraint.findUncoveredHttpMethods For security constraints with URL pattern [/*] only the HTTP methods [DELETE OPTIONS] are covered. All other methods are uncovered.
31-Mar-2025 17:35:20.406 SEVERE [main] org.apache.tomcat.util.descriptor.web.SecurityConstraint.findUncoveredHttpMethods For security constraints with URL pattern [/*] only the HTTP methods [DELETE OPTIONS] are covered. All other methods are uncovered.
31-Mar-2025 17:35:20.765 INFO [main] org.apache.catalina.core.ApplicationContext.log ContextListener: contextInitialized()
31-Mar-2025 17:35:20.766 INFO [main] org.apache.catalina.core.ApplicationContext.log SessionListener: contextInitialized()
31-Mar-2025 17:35:20.768 INFO [main] org.apache.catalina.core.ApplicationContext.log ContextListener: attributeAdded('StockTicker', 'async.Stockticker@2c177f9e')
31-Mar-2025 17:35:20.768 SEVERE [main] org.apache.tomcat.util.descriptor.web.SecurityConstraint.findUncoveredHttpMethods For security constraints with URL pattern [/*] only the HTTP methods [DELETE OPTIONS] are covered. All other methods are uncovered.
31-Mar-2025 17:35:20.869 SEVERE [main] org.apache.tomcat.util.descriptor.web.SecurityConstraint.findUncoveredHttpMethods For security constraints with URL pattern [/*] only the HTTP methods [DELETE OPTIONS] are covered. All other methods are uncovered.
31-Mar-2025 17:56:54.646 SEVERE [main] org.apache.tomcat.util.descriptor.web.SecurityConstraint.findUncoveredHttpMethods For security constraints with URL pattern [/*] only the HTTP methods [DELETE OPTIONS] are covered. All other methods are uncovered.
31-Mar-2025 17:56:55.029 INFO [main] org.apache.catalina.core.ApplicationContext.log ContextListener: contextInitialized()
31-Mar-2025 17:56:55.030 INFO [main] org.apache.catalina.core.ApplicationContext.log SessionListener: contextInitialized()
31-Mar-2025 17:56:55.032 INFO [main] org.apache.catalina.core.ApplicationContext.log ContextListener: attributeAdded('StockTicker', 'async.Stockticker@2c177f9e')
31-Mar-2025 17:56:55.032 SEVERE [main] org.apache.tomcat.util.descriptor.web.SecurityConstraint.findUncoveredHttpMethods For security constraints with URL pattern [/*] only the HTTP methods [DELETE OPTIONS] are covered. All other methods are uncovered.
31-Mar-2025 17:56:55.115 SEVERE [main] org.apache.tomcat.util.descriptor.web.SecurityConstraint.findUncoveredHttpMethods For security constraints with URL pattern [/*] only the HTTP methods [DELETE OPTIONS] are covered. All other methods are uncovered.
31-Mar-2025 18:01:04.065 SEVERE [main] org.apache.tomcat.util.descriptor.web.SecurityConstraint.findUncoveredHttpMethods For security constraints with URL pattern [/*] only the HTTP methods [DELETE OPTIONS] are covered. All other methods are uncovered.
31-Mar-2025 18:01:04.396 INFO [main] org.apache.catalina.core.ApplicationContext.log ContextListener: contextInitialized()
31-Mar-2025 18:01:04.396 INFO [main] org.apache.catalina.core.ApplicationContext.log SessionListener: contextInitialized()
31-Mar-2025 18:01:04.398 INFO [main] org.apache.catalina.core.ApplicationContext.log ContextListener: attributeAdded('StockTicker', 'async.Stockticker@18e7143f')
31-Mar-2025 18:01:04.398 SEVERE [main] org.apache.tomcat.util.descriptor.web.SecurityConstraint.findUncoveredHttpMethods For security constraints with URL pattern [/*] only the HTTP methods [DELETE OPTIONS] are covered. All other methods are uncovered.
31-Mar-2025 18:01:04.476 SEVERE [main] org.apache.tomcat.util.descriptor.web.SecurityConstraint.findUncoveredHttpMethods For security constraints with URL pattern [/*] only the HTTP methods [DELETE OPTIONS] are covered. All other methods are uncovered.
