31-Mar-2025 12:29:51.433 INFO [main] org.apache.catalina.startup.VersionLoggerListener.log Server version name:   Apache Tomcat/9.0.91
31-Mar-2025 12:29:51.436 INFO [main] org.apache.catalina.startup.VersionLoggerListener.log Server built:          Jul 2 2024 12:35:51 UTC
31-Mar-2025 12:29:51.448 INFO [main] org.apache.catalina.startup.VersionLoggerListener.log Server version number: 9.0.91.0
31-Mar-2025 12:29:51.448 INFO [main] org.apache.catalina.startup.VersionLoggerListener.log OS Name:               Linux
31-Mar-2025 12:29:51.448 INFO [main] org.apache.catalina.startup.VersionLoggerListener.log OS Version:            6.11.0-19-generic
31-Mar-2025 12:29:51.448 INFO [main] org.apache.catalina.startup.VersionLoggerListener.log Architecture:          amd64
31-Mar-2025 12:29:51.449 INFO [main] org.apache.catalina.startup.VersionLoggerListener.log Java Home:             /usr/lib/jvm/java-11-openjdk-amd64
31-Mar-2025 12:29:51.449 INFO [main] org.apache.catalina.startup.VersionLoggerListener.log JVM Version:           11.0.26+4-post-Ubuntu-1ubuntu124.04
31-Mar-2025 12:29:51.449 INFO [main] org.apache.catalina.startup.VersionLoggerListener.log JVM Vendor:            Ubuntu
31-Mar-2025 12:29:51.449 INFO [main] org.apache.catalina.startup.VersionLoggerListener.log CATALINA_BASE:         /home/gourav/tomcat/apache-tomcat-9.0.91-gourav
31-Mar-2025 12:29:51.449 INFO [main] org.apache.catalina.startup.VersionLoggerListener.log CATALINA_HOME:         /home/gourav/tomcat/apache-tomcat-9.0.91-gourav
31-Mar-2025 12:29:51.456 INFO [main] org.apache.catalina.startup.VersionLoggerListener.log Command line argument: --add-opens=java.base/java.lang=ALL-UNNAMED
31-Mar-2025 12:29:51.458 INFO [main] org.apache.catalina.startup.VersionLoggerListener.log Command line argument: --add-opens=java.base/java.io=ALL-UNNAMED
31-Mar-2025 12:29:51.458 INFO [main] org.apache.catalina.startup.VersionLoggerListener.log Command line argument: --add-opens=java.base/java.util=ALL-UNNAMED
31-Mar-2025 12:29:51.458 INFO [main] org.apache.catalina.startup.VersionLoggerListener.log Command line argument: --add-opens=java.base/java.util.concurrent=ALL-UNNAMED
31-Mar-2025 12:29:51.458 INFO [main] org.apache.catalina.startup.VersionLoggerListener.log Command line argument: --add-opens=java.rmi/sun.rmi.transport=ALL-UNNAMED
31-Mar-2025 12:29:51.458 INFO [main] org.apache.catalina.startup.VersionLoggerListener.log Command line argument: -Djava.util.logging.config.file=/home/gourav/tomcat/apache-tomcat-9.0.91-gourav/conf/logging.properties
31-Mar-2025 12:29:51.458 INFO [main] org.apache.catalina.startup.VersionLoggerListener.log Command line argument: -Djava.util.logging.manager=org.apache.juli.ClassLoaderLogManager
31-Mar-2025 12:29:51.459 INFO [main] org.apache.catalina.startup.VersionLoggerListener.log Command line argument: -XX:+UseG1GC
31-Mar-2025 12:29:51.459 INFO [main] org.apache.catalina.startup.VersionLoggerListener.log Command line argument: -XX:+ExplicitGCInvokesConcurrent
31-Mar-2025 12:29:51.459 INFO [main] org.apache.catalina.startup.VersionLoggerListener.log Command line argument: -XX:MaxGCPauseMillis=500
31-Mar-2025 12:29:51.459 INFO [main] org.apache.catalina.startup.VersionLoggerListener.log Command line argument: -Xms2048M
31-Mar-2025 12:29:51.459 INFO [main] org.apache.catalina.startup.VersionLoggerListener.log Command line argument: -Xmx2048M
31-Mar-2025 12:29:51.459 INFO [main] org.apache.catalina.startup.VersionLoggerListener.log Command line argument: -Xlog:gc*,safepoint=info:file=/home/gourav/tomcat/apache-tomcat-9.0.91-gourav/logs/gc_%p_%t.log:time,uptime:filecount=10
31-Mar-2025 12:29:51.459 INFO [main] org.apache.catalina.startup.VersionLoggerListener.log Command line argument: -XX:+HeapDumpOnOutOfMemoryError
31-Mar-2025 12:29:51.460 INFO [main] org.apache.catalina.startup.VersionLoggerListener.log Command line argument: -XX:HeapDumpPath=/home/gourav/tomcat/apache-tomcat-9.0.91-gourav/heapdumps
31-Mar-2025 12:29:51.460 INFO [main] org.apache.catalina.startup.VersionLoggerListener.log Command line argument: -Djdk.tls.ephemeralDHKeySize=2048
31-Mar-2025 12:29:51.460 INFO [main] org.apache.catalina.startup.VersionLoggerListener.log Command line argument: -Djava.protocol.handler.pkgs=org.apache.catalina.webresources
31-Mar-2025 12:29:51.460 INFO [main] org.apache.catalina.startup.VersionLoggerListener.log Command line argument: -Dorg.apache.catalina.security.SecurityListener.UMASK=0027
31-Mar-2025 12:29:51.460 INFO [main] org.apache.catalina.startup.VersionLoggerListener.log Command line argument: -Dcom.sun.management.jmxremote
31-Mar-2025 12:29:51.460 INFO [main] org.apache.catalina.startup.VersionLoggerListener.log Command line argument: -Dcom.sun.management.jmxremote.port=10065
31-Mar-2025 12:29:51.460 INFO [main] org.apache.catalina.startup.VersionLoggerListener.log Command line argument: -Dcom.sun.management.jmxremote.rmi.port=10065
31-Mar-2025 12:29:51.460 INFO [main] org.apache.catalina.startup.VersionLoggerListener.log Command line argument: -Dcom.sun.management.jmxremote.ssl=false
31-Mar-2025 12:29:51.460 INFO [main] org.apache.catalina.startup.VersionLoggerListener.log Command line argument: -Dcom.sun.management.jmxremote.authenticate=false
31-Mar-2025 12:29:51.466 INFO [main] org.apache.catalina.startup.VersionLoggerListener.log Command line argument: -Dignore.endorsed.dirs=
31-Mar-2025 12:29:51.467 INFO [main] org.apache.catalina.startup.VersionLoggerListener.log Command line argument: -Dcatalina.base=/home/gourav/tomcat/apache-tomcat-9.0.91-gourav
31-Mar-2025 12:29:51.467 INFO [main] org.apache.catalina.startup.VersionLoggerListener.log Command line argument: -Dcatalina.home=/home/gourav/tomcat/apache-tomcat-9.0.91-gourav
31-Mar-2025 12:29:51.467 INFO [main] org.apache.catalina.startup.VersionLoggerListener.log Command line argument: -Djava.io.tmpdir=/home/gourav/tomcat/apache-tomcat-9.0.91-gourav/temp
31-Mar-2025 12:29:51.470 INFO [main] org.apache.catalina.core.AprLifecycleListener.lifecycleEvent The Apache Tomcat Native library which allows using OpenSSL was not found on the java.library.path: [/usr/java/packages/lib:/usr/lib/x86_64-linux-gnu/jni:/lib/x86_64-linux-gnu:/usr/lib/x86_64-linux-gnu:/usr/lib/jni:/lib:/usr/lib]
31-Mar-2025 12:29:52.120 INFO [main] org.apache.coyote.AbstractProtocol.init Initializing ProtocolHandler ["http-nio-8888"]
31-Mar-2025 12:29:52.262 INFO [main] org.apache.coyote.AbstractProtocol.init Initializing ProtocolHandler ["ajp-nio-0.0.0.0-8009"]
31-Mar-2025 12:29:52.275 INFO [main] org.apache.catalina.startup.Catalina.load Server initialization in [1715] milliseconds
31-Mar-2025 12:29:52.551 INFO [main] org.apache.catalina.core.StandardService.startInternal Starting service [Catalina]
31-Mar-2025 12:29:52.557 INFO [main] org.apache.catalina.core.StandardEngine.startInternal Starting Servlet engine: [Apache Tomcat/9.0.91]
31-Mar-2025 12:29:52.588 INFO [main] org.apache.catalina.startup.HostConfig.deployDirectory Deploying web application directory [/home/gourav/tomcat/apache-tomcat-9.0.91-gourav/webapps/manager]
31-Mar-2025 12:29:53.479 INFO [main] org.apache.catalina.startup.HostConfig.deployDirectory Deployment of web application directory [/home/gourav/tomcat/apache-tomcat-9.0.91-gourav/webapps/manager] has finished in [889] ms
31-Mar-2025 12:29:53.479 INFO [main] org.apache.catalina.startup.HostConfig.deployDirectory Deploying web application directory [/home/gourav/tomcat/apache-tomcat-9.0.91-gourav/webapps/ROOT]
31-Mar-2025 12:29:53.624 INFO [main] org.apache.catalina.startup.HostConfig.deployDirectory Deployment of web application directory [/home/gourav/tomcat/apache-tomcat-9.0.91-gourav/webapps/ROOT] has finished in [145] ms
31-Mar-2025 12:29:53.640 INFO [main] org.apache.coyote.AbstractProtocol.start Starting ProtocolHandler ["http-nio-8888"]
31-Mar-2025 12:29:53.691 INFO [main] org.apache.coyote.AbstractProtocol.start Starting ProtocolHandler ["ajp-nio-0.0.0.0-8009"]
31-Mar-2025 12:29:53.726 INFO [main] org.apache.catalina.startup.Catalina.start Server startup in [1450] milliseconds
