[Sun Apr 06 04:20:47.496682 2025] [mpm_winnt:notice] [pid 11768:tid 176] AH00455: Apache/2.4.63 (Win64) configured -- resuming normal operations
[Sun Apr 06 04:20:47.496682 2025] [mpm_winnt:notice] [pid 11768:tid 176] AH00456: Apache Lounge VS17 Server built: Feb  3 2025 10:10:51
[Sun Apr 06 04:20:47.496682 2025] [core:notice] [pid 11768:tid 176] AH00094: Command line: 'C:\\Apache24\\bin\\httpd.exe -d C:/Apache24'
[Sun Apr 06 04:20:47.500479 2025] [mpm_winnt:notice] [pid 11768:tid 176] AH00418: Parent: Created child process 9836
[Sun Apr 06 04:20:47.911920 2025] [mpm_winnt:notice] [pid 9836:tid 444] AH00354: Child: Starting 64 worker threads.
[Sun Apr 06 04:33:29.485335 2025] [mpm_winnt:notice] [pid 11768:tid 176] AH00422: Parent: Received shutdown signal -- Shutting down the server.
[Sun Apr 06 04:33:31.520524 2025] [mpm_winnt:notice] [pid 9836:tid 444] AH00364: Child: All worker threads have exited.
[Sun Apr 06 04:33:31.551482 2025] [mpm_winnt:notice] [pid 11768:tid 176] AH00430: Parent: Child process 9836 exited successfully.
[Sun Apr 06 04:34:02.516399 2025] [mpm_winnt:notice] [pid 12732:tid 156] AH00455: Apache/2.4.63 (Win64) configured -- resuming normal operations
[Sun Apr 06 04:34:02.518405 2025] [mpm_winnt:notice] [pid 12732:tid 156] AH00456: Apache Lounge VS17 Server built: Feb  3 2025 10:10:51
[Sun Apr 06 04:34:02.518405 2025] [core:notice] [pid 12732:tid 156] AH00094: Command line: 'C:\\Apache24\\bin\\httpd.exe -d C:/Apache24'
[Sun Apr 06 04:34:02.525076 2025] [mpm_winnt:notice] [pid 12732:tid 156] AH00418: Parent: Created child process 17460
[Sun Apr 06 04:34:02.946190 2025] [mpm_winnt:notice] [pid 17460:tid 476] AH00354: Child: Starting 64 worker threads.
[Sun Apr 06 04:34:05.825724 2025] [mpm_winnt:notice] [pid 12732:tid 156] AH00422: Parent: Received shutdown signal -- Shutting down the server.
[Sun Apr 06 04:34:07.855727 2025] [mpm_winnt:notice] [pid 17460:tid 476] AH00364: Child: All worker threads have exited.
[Sun Apr 06 04:34:07.887788 2025] [mpm_winnt:notice] [pid 12732:tid 156] AH00430: Parent: Child process 17460 exited successfully.
AH00558: httpd.exe: Could not reliably determine the server's fully qualified domain name, using fe80::ffdb:e426:c244:2bae. Set the 'ServerName' directive globally to suppress this message
[Tue Apr 08 16:16:12.937487 2025] [mpm_winnt:notice] [pid 10252:tid 504] AH00455: Apache/2.4.63 (Win64) configured -- resuming normal operations
[Tue Apr 08 16:16:12.937487 2025] [mpm_winnt:notice] [pid 10252:tid 504] AH00456: Apache Lounge VS17 Server built: Feb  3 2025 10:10:51
[Tue Apr 08 16:16:12.937487 2025] [core:notice] [pid 10252:tid 504] AH00094: Command line: 'C:\\Windows-Tomcat-HTTPD\\Apache24\\bin\\httpd.exe -d C:/Windows-Tomcat-HTTPD/Apache24'
[Tue Apr 08 16:16:12.937487 2025] [mpm_winnt:notice] [pid 10252:tid 504] AH00418: Parent: Created child process 9484
AH00558: httpd.exe: Could not reliably determine the server's fully qualified domain name, using fe80::ffdb:e426:c244:2bae. Set the 'ServerName' directive globally to suppress this message
AH00558: httpd.exe: Could not reliably determine the server's fully qualified domain name, using fe80::ffdb:e426:c244:2bae. Set the 'ServerName' directive globally to suppress this message
[Tue Apr 08 16:16:13.267431 2025] [mpm_winnt:notice] [pid 9484:tid 480] AH00354: Child: Starting 64 worker threads.
[Tue Apr 08 16:16:23.802012 2025] [proxy:error] [pid 9484:tid 1316] (OS 10061)No connection could be made because the target machine actively refused it.  : AH00957: AJP: attempt to connect to 127.0.0.1:8009 (127.0.0.1:8009) failed
[Tue Apr 08 16:16:23.803033 2025] [proxy_ajp:error] [pid 9484:tid 1316] [client 127.0.0.1:50883] AH00896: failed to make connection to backend: 127.0.0.1
[Tue Apr 08 16:16:25.899985 2025] [proxy:error] [pid 9484:tid 1316] (OS 10061)No connection could be made because the target machine actively refused it.  : AH00957: AJP: attempt to connect to 127.0.0.1:8009 (127.0.0.1:8009) failed
[Tue Apr 08 16:16:25.899985 2025] [proxy_ajp:error] [pid 9484:tid 1316] [client 127.0.0.1:50885] AH00896: failed to make connection to backend: 127.0.0.1, referer: http://127.0.0.1/
[Tue Apr 08 16:52:11.090064 2025] [mpm_winnt:notice] [pid 10252:tid 504] AH00422: Parent: Received shutdown signal -- Shutting down the server.
[Tue Apr 08 16:52:13.115301 2025] [mpm_winnt:notice] [pid 9484:tid 480] AH00364: Child: All worker threads have exited.
[Tue Apr 08 16:52:13.139776 2025] [mpm_winnt:notice] [pid 10252:tid 504] AH00430: Parent: Child process 9484 exited successfully.
AH00558: httpd.exe: Could not reliably determine the server's fully qualified domain name, using fe80::ffdb:e426:c244:2bae. Set the 'ServerName' directive globally to suppress this message
[Tue Apr 08 16:52:14.060228 2025] [mpm_winnt:notice] [pid 3160:tid 512] AH00455: Apache/2.4.63 (Win64) configured -- resuming normal operations
[Tue Apr 08 16:52:14.060228 2025] [mpm_winnt:notice] [pid 3160:tid 512] AH00456: Apache Lounge VS17 Server built: Feb  3 2025 10:10:51
[Tue Apr 08 16:52:14.060228 2025] [core:notice] [pid 3160:tid 512] AH00094: Command line: 'C:\\Windows-Tomcat-HTTPD\\Apache24\\bin\\httpd.exe -d C:/Windows-Tomcat-HTTPD/Apache24'
[Tue Apr 08 16:52:14.060228 2025] [mpm_winnt:notice] [pid 3160:tid 512] AH00418: Parent: Created child process 5508
AH00558: httpd.exe: Could not reliably determine the server's fully qualified domain name, using fe80::ffdb:e426:c244:2bae. Set the 'ServerName' directive globally to suppress this message
AH00558: httpd.exe: Could not reliably determine the server's fully qualified domain name, using fe80::ffdb:e426:c244:2bae. Set the 'ServerName' directive globally to suppress this message
[Tue Apr 08 16:52:14.593855 2025] [mpm_winnt:notice] [pid 5508:tid 500] AH00354: Child: Starting 64 worker threads.
[Tue Apr 08 16:59:54.601032 2025] [mpm_winnt:notice] [pid 3160:tid 512] AH00422: Parent: Received shutdown signal -- Shutting down the server.
[Tue Apr 08 16:59:56.626266 2025] [mpm_winnt:notice] [pid 5508:tid 500] AH00364: Child: All worker threads have exited.
[Tue Apr 08 16:59:56.643108 2025] [mpm_winnt:notice] [pid 3160:tid 512] AH00430: Parent: Child process 5508 exited successfully.
Starting the 'Apache2.4' service
The 'Apache2.4' service is running.
sl:warn] [pid 29428:tid 452] AH01906: www.example.com:8443:0 server certificate is a CA certificate (BasicConstraints: CA == TRUE !?)
[Tue Apr 08 22:12:12.923037 2025] [ssl:warn] [pid 29428:tid 452] AH01909: www.example.com:8443:0 server certificate does NOT include an ID which matches the server name
AH00558: httpd.exe: Could not reliably determine the server's fully qualified domain name, using fe80::87ee:911f:e1d4:2e7a. Set the 'ServerName' directive globally to suppress this message
[Tue Apr 08 22:12:12.941256 2025] [ssl:warn] [pid 29428:tid 452] AH01906: www.example.com:8443:0 server certificate is a CA certificate (BasicConstraints: CA == TRUE !?)
[Tue Apr 08 22:12:12.941256 2025] [ssl:warn] [pid 29428:tid 452] AH01909: www.example.com:8443:0 server certificate does NOT include an ID which matches the server name
[Tue Apr 08 22:12:12.944763 2025] [mpm_winnt:notice] [pid 29428:tid 452] AH00455: Apache/2.4.63 (Win64) OpenSSL/3.3.2 mod_jk/1.2.50 configured -- resuming normal operations
[Tue Apr 08 22:12:12.944763 2025] [mpm_winnt:notice] [pid 29428:tid 452] AH00456: Apache Lounge VS17 Server built: Feb  3 2025 10:10:51
[Tue Apr 08 22:12:12.944763 2025] [core:notice] [pid 29428:tid 452] AH00094: Command line: 'C:\\VS Code\\Windows-Tomcat-HTTPD\\Apache24\\bin\\httpd.exe -d C:/VS Code/Windows-Tomcat-HTTPD/Apache24'
[Tue Apr 08 22:12:12.948765 2025] [mpm_winnt:notice] [pid 29428:tid 452] AH00418: Parent: Created child process 26604
AH00558: httpd.exe: Could not reliably determine the server's fully qualified domain name, using fe80::87ee:911f:e1d4:2e7a. Set the 'ServerName' directive globally to suppress this message
[Tue Apr 08 22:12:13.137975 2025] [ssl:warn] [pid 26604:tid 468] AH01906: www.example.com:8443:0 server certificate is a CA certificate (BasicConstraints: CA == TRUE !?)
[Tue Apr 08 22:12:13.137975 2025] [ssl:warn] [pid 26604:tid 468] AH01909: www.example.com:8443:0 server certificate does NOT include an ID which matches the server name
AH00558: httpd.exe: Could not reliably determine the server's fully qualified domain name, using fe80::87ee:911f:e1d4:2e7a. Set the 'ServerName' directive globally to suppress this message
[Tue Apr 08 22:12:13.155788 2025] [ssl:warn] [pid 26604:tid 468] AH01906: www.example.com:8443:0 server certificate is a CA certificate (BasicConstraints: CA == TRUE !?)
[Tue Apr 08 22:12:13.155788 2025] [ssl:warn] [pid 26604:tid 468] AH01909: www.example.com:8443:0 server certificate does NOT include an ID which matches the server name
[Tue Apr 08 22:12:13.160790 2025] [mpm_winnt:notice] [pid 26604:tid 468] AH00354: Child: Starting 64 worker threads.
[Tue Apr 08 22:12:23.173086 2025] [mpm_winnt:notice] [pid 29428:tid 452] AH00422: Parent: Received shutdown signal -- Shutting down the server.
[Tue Apr 08 22:12:25.183131 2025] [mpm_winnt:notice] [pid 26604:tid 468] AH00364: Child: All worker threads have exited.
[Tue Apr 08 22:12:25.203408 2025] [mpm_winnt:notice] [pid 29428:tid 452] AH00430: Parent: Child process 26604 exited successfully.
Starting the 'Apache2.4' service
The 'Apache2.4' service is running.
sl:warn] [pid 24812:tid 452] AH01906: www.example.com:8443:0 server certificate is a CA certificate (BasicConstraints: CA == TRUE !?)
[Tue Apr 08 22:13:28.228349 2025] [ssl:warn] [pid 24812:tid 452] AH01909: www.example.com:8443:0 server certificate does NOT include an ID which matches the server name
AH00558: httpd.exe: Could not reliably determine the server's fully qualified domain name, using fe80::87ee:911f:e1d4:2e7a. Set the 'ServerName' directive globally to suppress this message
[Tue Apr 08 22:13:28.247800 2025] [ssl:warn] [pid 24812:tid 452] AH01906: www.example.com:8443:0 server certificate is a CA certificate (BasicConstraints: CA == TRUE !?)
[Tue Apr 08 22:13:28.247800 2025] [ssl:warn] [pid 24812:tid 452] AH01909: www.example.com:8443:0 server certificate does NOT include an ID which matches the server name
[Tue Apr 08 22:13:28.251361 2025] [mpm_winnt:notice] [pid 24812:tid 452] AH00455: Apache/2.4.63 (Win64) OpenSSL/3.3.2 mod_jk/1.2.50 configured -- resuming normal operations
[Tue Apr 08 22:13:28.251361 2025] [mpm_winnt:notice] [pid 24812:tid 452] AH00456: Apache Lounge VS17 Server built: Feb  3 2025 10:10:51
[Tue Apr 08 22:13:28.251361 2025] [core:notice] [pid 24812:tid 452] AH00094: Command line: 'C:\\VS Code\\Windows-Tomcat-HTTPD\\Apache24\\bin\\httpd.exe -d C:/VS Code/Windows-Tomcat-HTTPD/Apache24'
[Tue Apr 08 22:13:28.254366 2025] [mpm_winnt:notice] [pid 24812:tid 452] AH00418: Parent: Created child process 24656
AH00558: httpd.exe: Could not reliably determine the server's fully qualified domain name, using fe80::87ee:911f:e1d4:2e7a. Set the 'ServerName' directive globally to suppress this message
[Tue Apr 08 22:13:28.436802 2025] [ssl:warn] [pid 24656:tid 472] AH01906: www.example.com:8443:0 server certificate is a CA certificate (BasicConstraints: CA == TRUE !?)
[Tue Apr 08 22:13:28.436802 2025] [ssl:warn] [pid 24656:tid 472] AH01909: www.example.com:8443:0 server certificate does NOT include an ID which matches the server name
AH00558: httpd.exe: Could not reliably determine the server's fully qualified domain name, using fe80::87ee:911f:e1d4:2e7a. Set the 'ServerName' directive globally to suppress this message
[Tue Apr 08 22:13:28.454328 2025] [ssl:warn] [pid 24656:tid 472] AH01906: www.example.com:8443:0 server certificate is a CA certificate (BasicConstraints: CA == TRUE !?)
[Tue Apr 08 22:13:28.454328 2025] [ssl:warn] [pid 24656:tid 472] AH01909: www.example.com:8443:0 server certificate does NOT include an ID which matches the server name
[Tue Apr 08 22:13:28.458837 2025] [mpm_winnt:notice] [pid 24656:tid 472] AH00354: Child: Starting 64 worker threads.
The 'Apache2.4' service is restarting.
The 'Apache2.4' service has restarted.
winnt:notice] [pid 24812:tid 452] AH00424: Parent: Received restart signal -- Restarting the server.
AH00558: httpd.exe: Could not reliably determine the server's fully qualified domain name, using fe80::87ee:911f:e1d4:2e7a. Set the 'ServerName' directive globally to suppress this message
[Tue Apr 08 22:13:44.548637 2025] [ssl:warn] [pid 24812:tid 452] AH01906: www.example.com:8443:0 server certificate is a CA certificate (BasicConstraints: CA == TRUE !?)
[Tue Apr 08 22:13:44.548637 2025] [ssl:warn] [pid 24812:tid 452] AH01909: www.example.com:8443:0 server certificate does NOT include an ID which matches the server name
[Tue Apr 08 22:13:44.552639 2025] [mpm_winnt:notice] [pid 24812:tid 452] AH00455: Apache/2.4.63 (Win64) OpenSSL/3.3.2 mod_jk/1.2.50 configured -- resuming normal operations
[Tue Apr 08 22:13:44.552639 2025] [mpm_winnt:notice] [pid 24812:tid 452] AH00456: Apache Lounge VS17 Server built: Feb  3 2025 10:10:51
[Tue Apr 08 22:13:44.552639 2025] [core:notice] [pid 24812:tid 452] AH00094: Command line: 'C:\\VS Code\\Windows-Tomcat-HTTPD\\Apache24\\bin\\httpd.exe -d C:/VS Code/Windows-Tomcat-HTTPD/Apache24'
[Tue Apr 08 22:13:44.554636 2025] [mpm_winnt:notice] [pid 24812:tid 452] AH00418: Parent: Created child process 29712
AH00558: httpd.exe: Could not reliably determine the server's fully qualified domain name, using fe80::87ee:911f:e1d4:2e7a. Set the 'ServerName' directive globally to suppress this message
[Tue Apr 08 22:13:44.740551 2025] [ssl:warn] [pid 29712:tid 504] AH01906: www.example.com:8443:0 server certificate is a CA certificate (BasicConstraints: CA == TRUE !?)
[Tue Apr 08 22:13:44.740551 2025] [ssl:warn] [pid 29712:tid 504] AH01909: www.example.com:8443:0 server certificate does NOT include an ID which matches the server name
AH00558: httpd.exe: Could not reliably determine the server's fully qualified domain name, using fe80::87ee:911f:e1d4:2e7a. Set the 'ServerName' directive globally to suppress this message
[Tue Apr 08 22:13:44.756607 2025] [ssl:warn] [pid 29712:tid 504] AH01906: www.example.com:8443:0 server certificate is a CA certificate (BasicConstraints: CA == TRUE !?)
[Tue Apr 08 22:13:44.756607 2025] [ssl:warn] [pid 29712:tid 504] AH01909: www.example.com:8443:0 server certificate does NOT include an ID which matches the server name
[Tue Apr 08 22:13:45.539639 2025] [mpm_winnt:notice] [pid 29712:tid 504] AH00354: Child: Starting 64 worker threads.
[Tue Apr 08 22:13:47.210469 2025] [mpm_winnt:notice] [pid 24656:tid 472] AH00364: Child: All worker threads have exited.
The 'Apache2.4' service is restarting.
The 'Apache2.4' service has restarted.
winnt:notice] [pid 24812:tid 452] AH00424: Parent: Received restart signal -- Restarting the server.
AH00558: httpd.exe: Could not reliably determine the server's fully qualified domain name, using fe80::87ee:911f:e1d4:2e7a. Set the 'ServerName' directive globally to suppress this message
[Tue Apr 08 22:19:23.112582 2025] [ssl:warn] [pid 24812:tid 452] AH01906: www.example.com:8443:0 server certificate is a CA certificate (BasicConstraints: CA == TRUE !?)
[Tue Apr 08 22:19:23.112582 2025] [ssl:warn] [pid 24812:tid 452] AH01909: www.example.com:8443:0 server certificate does NOT include an ID which matches the server name
[Tue Apr 08 22:19:23.115617 2025] [mpm_winnt:notice] [pid 24812:tid 452] AH00455: Apache/2.4.63 (Win64) OpenSSL/3.3.2 mod_jk/1.2.50 configured -- resuming normal operations
[Tue Apr 08 22:19:23.115617 2025] [mpm_winnt:notice] [pid 24812:tid 452] AH00456: Apache Lounge VS17 Server built: Feb  3 2025 10:10:51
[Tue Apr 08 22:19:23.115617 2025] [core:notice] [pid 24812:tid 452] AH00094: Command line: 'C:\\VS Code\\Windows-Tomcat-HTTPD\\Apache24\\bin\\httpd.exe -d C:/VS Code/Windows-Tomcat-HTTPD/Apache24'
[Tue Apr 08 22:19:23.117618 2025] [mpm_winnt:notice] [pid 24812:tid 452] AH00418: Parent: Created child process 30892
AH00558: httpd.exe: Could not reliably determine the server's fully qualified domain name, using fe80::87ee:911f:e1d4:2e7a. Set the 'ServerName' directive globally to suppress this message
[Tue Apr 08 22:19:23.301635 2025] [ssl:warn] [pid 30892:tid 504] AH01906: www.example.com:8443:0 server certificate is a CA certificate (BasicConstraints: CA == TRUE !?)
[Tue Apr 08 22:19:23.301635 2025] [ssl:warn] [pid 30892:tid 504] AH01909: www.example.com:8443:0 server certificate does NOT include an ID which matches the server name
AH00558: httpd.exe: Could not reliably determine the server's fully qualified domain name, using fe80::87ee:911f:e1d4:2e7a. Set the 'ServerName' directive globally to suppress this message
[Tue Apr 08 22:19:23.317733 2025] [ssl:warn] [pid 30892:tid 504] AH01906: www.example.com:8443:0 server certificate is a CA certificate (BasicConstraints: CA == TRUE !?)
[Tue Apr 08 22:19:23.317733 2025] [ssl:warn] [pid 30892:tid 504] AH01909: www.example.com:8443:0 server certificate does NOT include an ID which matches the server name
[Tue Apr 08 22:19:24.101380 2025] [mpm_winnt:notice] [pid 30892:tid 504] AH00354: Child: Starting 64 worker threads.
[Tue Apr 08 22:19:25.112349 2025] [mpm_winnt:notice] [pid 29712:tid 504] AH00364: Child: All worker threads have exited.
The 'Apache2.4' service is restarting.
The 'Apache2.4' service has restarted.
winnt:notice] [pid 24812:tid 452] AH00424: Parent: Received restart signal -- Restarting the server.
AH00558: httpd.exe: Could not reliably determine the server's fully qualified domain name, using fe80::87ee:911f:e1d4:2e7a. Set the 'ServerName' directive globally to suppress this message
[Tue Apr 08 22:20:41.340275 2025] [ssl:warn] [pid 24812:tid 452] AH01906: www.example.com:8443:0 server certificate is a CA certificate (BasicConstraints: CA == TRUE !?)
[Tue Apr 08 22:20:41.340275 2025] [ssl:warn] [pid 24812:tid 452] AH01909: www.example.com:8443:0 server certificate does NOT include an ID which matches the server name
[Tue Apr 08 22:20:41.344290 2025] [mpm_winnt:notice] [pid 24812:tid 452] AH00455: Apache/2.4.63 (Win64) OpenSSL/3.3.2 mod_jk/1.2.50 configured -- resuming normal operations
[Tue Apr 08 22:20:41.344290 2025] [mpm_winnt:notice] [pid 24812:tid 452] AH00456: Apache Lounge VS17 Server built: Feb  3 2025 10:10:51
[Tue Apr 08 22:20:41.344290 2025] [core:notice] [pid 24812:tid 452] AH00094: Command line: 'C:\\VS Code\\Windows-Tomcat-HTTPD\\Apache24\\bin\\httpd.exe -d C:/VS Code/Windows-Tomcat-HTTPD/Apache24'
[Tue Apr 08 22:20:41.344290 2025] [mpm_winnt:notice] [pid 24812:tid 452] AH00418: Parent: Created child process 3588
AH00558: httpd.exe: Could not reliably determine the server's fully qualified domain name, using fe80::87ee:911f:e1d4:2e7a. Set the 'ServerName' directive globally to suppress this message
[Tue Apr 08 22:20:41.530809 2025] [ssl:warn] [pid 3588:tid 468] AH01906: www.example.com:8443:0 server certificate is a CA certificate (BasicConstraints: CA == TRUE !?)
[Tue Apr 08 22:20:41.530809 2025] [ssl:warn] [pid 3588:tid 468] AH01909: www.example.com:8443:0 server certificate does NOT include an ID which matches the server name
AH00558: httpd.exe: Could not reliably determine the server's fully qualified domain name, using fe80::87ee:911f:e1d4:2e7a. Set the 'ServerName' directive globally to suppress this message
[Tue Apr 08 22:20:41.546788 2025] [ssl:warn] [pid 3588:tid 468] AH01906: www.example.com:8443:0 server certificate is a CA certificate (BasicConstraints: CA == TRUE !?)
[Tue Apr 08 22:20:41.546788 2025] [ssl:warn] [pid 3588:tid 468] AH01909: www.example.com:8443:0 server certificate does NOT include an ID which matches the server name
[Tue Apr 08 22:20:42.336719 2025] [mpm_winnt:notice] [pid 3588:tid 468] AH00354: Child: Starting 64 worker threads.
[Tue Apr 08 22:20:43.345916 2025] [mpm_winnt:notice] [pid 30892:tid 504] AH00364: Child: All worker threads have exited.
The 'Apache2.4' service is restarting.
The 'Apache2.4' service has restarted.
winnt:notice] [pid 24812:tid 452] AH00424: Parent: Received restart signal -- Restarting the server.
AH00558: httpd.exe: Could not reliably determine the server's fully qualified domain name, using fe80::87ee:911f:e1d4:2e7a. Set the 'ServerName' directive globally to suppress this message
[Tue Apr 08 22:21:36.858478 2025] [ssl:warn] [pid 24812:tid 452] AH01906: www.example.com:8443:0 server certificate is a CA certificate (BasicConstraints: CA == TRUE !?)
[Tue Apr 08 22:21:36.858478 2025] [ssl:warn] [pid 24812:tid 452] AH01909: www.example.com:8443:0 server certificate does NOT include an ID which matches the server name
[Tue Apr 08 22:21:36.862478 2025] [mpm_winnt:notice] [pid 24812:tid 452] AH00455: Apache/2.4.63 (Win64) OpenSSL/3.3.2 mod_jk/1.2.50 configured -- resuming normal operations
[Tue Apr 08 22:21:36.862478 2025] [mpm_winnt:notice] [pid 24812:tid 452] AH00456: Apache Lounge VS17 Server built: Feb  3 2025 10:10:51
[Tue Apr 08 22:21:36.862478 2025] [core:notice] [pid 24812:tid 452] AH00094: Command line: 'C:\\VS Code\\Windows-Tomcat-HTTPD\\Apache24\\bin\\httpd.exe -d C:/VS Code/Windows-Tomcat-HTTPD/Apache24'
[Tue Apr 08 22:21:36.863480 2025] [mpm_winnt:notice] [pid 24812:tid 452] AH00418: Parent: Created child process 9356
AH00558: httpd.exe: Could not reliably determine the server's fully qualified domain name, using fe80::87ee:911f:e1d4:2e7a. Set the 'ServerName' directive globally to suppress this message
[Tue Apr 08 22:21:37.053571 2025] [ssl:warn] [pid 9356:tid 512] AH01906: www.example.com:8443:0 server certificate is a CA certificate (BasicConstraints: CA == TRUE !?)
[Tue Apr 08 22:21:37.053571 2025] [ssl:warn] [pid 9356:tid 512] AH01909: www.example.com:8443:0 server certificate does NOT include an ID which matches the server name
AH00558: httpd.exe: Could not reliably determine the server's fully qualified domain name, using fe80::87ee:911f:e1d4:2e7a. Set the 'ServerName' directive globally to suppress this message
[Tue Apr 08 22:21:37.070419 2025] [ssl:warn] [pid 9356:tid 512] AH01906: www.example.com:8443:0 server certificate is a CA certificate (BasicConstraints: CA == TRUE !?)
[Tue Apr 08 22:21:37.070419 2025] [ssl:warn] [pid 9356:tid 512] AH01909: www.example.com:8443:0 server certificate does NOT include an ID which matches the server name
[Tue Apr 08 22:21:37.848137 2025] [mpm_winnt:notice] [pid 9356:tid 512] AH00354: Child: Starting 64 worker threads.
[Tue Apr 08 22:21:46.716663 2025] [mpm_winnt:notice] [pid 3588:tid 468] AH00364: Child: All worker threads have exited.
[Tue Apr 08 23:11:45.257864 2025] [mpm_winnt:notice] [pid 24812:tid 452] AH00422: Parent: Received shutdown signal -- Shutting down the server.
[Tue Apr 08 23:11:47.276153 2025] [mpm_winnt:notice] [pid 9356:tid 512] AH00364: Child: All worker threads have exited.
[Tue Apr 08 23:11:47.300733 2025] [mpm_winnt:notice] [pid 24812:tid 452] AH00430: Parent: Child process 9356 exited successfully.
