14-May-2025 13:00:52.182 INFO [main] org.apache.catalina.startup.VersionLoggerListener.log Server version name:   Apache Tomcat/10.1.40
14-May-2025 13:00:52.188 INFO [main] org.apache.catalina.startup.VersionLoggerListener.log Server built:          Apr 1 2025 17:20:53 UTC
14-May-2025 13:00:52.189 INFO [main] org.apache.catalina.startup.VersionLoggerListener.log Server version number: 10.1.40.0
14-May-2025 13:00:52.189 INFO [main] org.apache.catalina.startup.VersionLoggerListener.log OS Name:               Linux
14-May-2025 13:00:52.189 INFO [main] org.apache.catalina.startup.VersionLoggerListener.log OS Version:            6.8.0-59-generic
14-May-2025 13:00:52.189 INFO [main] org.apache.catalina.startup.VersionLoggerListener.log Architecture:          amd64
14-May-2025 13:00:52.189 INFO [main] org.apache.catalina.startup.VersionLoggerListener.log Java Home:             /usr/lib/jvm/java-11-openjdk-amd64
14-May-2025 13:00:52.190 INFO [main] org.apache.catalina.startup.VersionLoggerListener.log JVM Version:           11.0.27+6-post-Ubuntu-0ubuntu122.04
14-May-2025 13:00:52.190 INFO [main] org.apache.catalina.startup.VersionLoggerListener.log JVM Vendor:            Ubuntu
14-May-2025 13:00:52.190 INFO [main] org.apache.catalina.startup.VersionLoggerListener.log CATALINA_BASE:         /home/karishma/Downloads/apache-tomcat-10.1.40
14-May-2025 13:00:52.190 INFO [main] org.apache.catalina.startup.VersionLoggerListener.log CATALINA_HOME:         /home/karishma/Downloads/apache-tomcat-10.1.40
14-May-2025 13:00:52.220 INFO [main] org.apache.catalina.startup.VersionLoggerListener.log Command line argument: -Djava.util.logging.config.file=/home/karishma/Downloads/apache-tomcat-10.1.40/conf/logging.properties
14-May-2025 13:00:52.220 INFO [main] org.apache.catalina.startup.VersionLoggerListener.log Command line argument: -Djava.util.logging.manager=org.apache.juli.ClassLoaderLogManager
14-May-2025 13:00:52.220 INFO [main] org.apache.catalina.startup.VersionLoggerListener.log Command line argument: -Djdk.tls.ephemeralDHKeySize=2048
14-May-2025 13:00:52.220 INFO [main] org.apache.catalina.startup.VersionLoggerListener.log Command line argument: -Djava.protocol.handler.pkgs=org.apache.catalina.webresources
14-May-2025 13:00:52.221 INFO [main] org.apache.catalina.startup.VersionLoggerListener.log Command line argument: -Dsun.io.useCanonCaches=false
14-May-2025 13:00:52.221 INFO [main] org.apache.catalina.startup.VersionLoggerListener.log Command line argument: -Dorg.apache.catalina.security.SecurityListener.UMASK=0027
14-May-2025 13:00:52.221 INFO [main] org.apache.catalina.startup.VersionLoggerListener.log Command line argument: --add-opens=java.base/java.lang=ALL-UNNAMED
14-May-2025 13:00:52.221 INFO [main] org.apache.catalina.startup.VersionLoggerListener.log Command line argument: --add-opens=java.base/java.lang.reflect=ALL-UNNAMED
14-May-2025 13:00:52.221 INFO [main] org.apache.catalina.startup.VersionLoggerListener.log Command line argument: --add-opens=java.base/java.io=ALL-UNNAMED
14-May-2025 13:00:52.222 INFO [main] org.apache.catalina.startup.VersionLoggerListener.log Command line argument: --add-opens=java.base/java.util=ALL-UNNAMED
14-May-2025 13:00:52.222 INFO [main] org.apache.catalina.startup.VersionLoggerListener.log Command line argument: --add-opens=java.base/java.util.concurrent=ALL-UNNAMED
14-May-2025 13:00:52.222 INFO [main] org.apache.catalina.startup.VersionLoggerListener.log Command line argument: --add-opens=java.rmi/sun.rmi.transport=ALL-UNNAMED
14-May-2025 13:00:52.223 INFO [main] org.apache.catalina.startup.VersionLoggerListener.log Command line argument: -Dcatalina.base=/home/karishma/Downloads/apache-tomcat-10.1.40
14-May-2025 13:00:52.223 INFO [main] org.apache.catalina.startup.VersionLoggerListener.log Command line argument: -Dcatalina.home=/home/karishma/Downloads/apache-tomcat-10.1.40
14-May-2025 13:00:52.223 INFO [main] org.apache.catalina.startup.VersionLoggerListener.log Command line argument: -Djava.io.tmpdir=/home/karishma/Downloads/apache-tomcat-10.1.40/temp
14-May-2025 13:00:52.226 INFO [main] org.apache.catalina.core.AprLifecycleListener.lifecycleEvent The Apache Tomcat Native library which allows using OpenSSL was not found on the java.library.path: [/usr/java/packages/lib:/usr/lib/x86_64-linux-gnu/jni:/lib/x86_64-linux-gnu:/usr/lib/x86_64-linux-gnu:/usr/lib/jni:/lib:/usr/lib]
14-May-2025 13:00:52.676 INFO [main] org.apache.coyote.AbstractProtocol.init Initializing ProtocolHandler ["http-nio-2020"]
14-May-2025 13:00:52.718 INFO [main] org.apache.coyote.AbstractProtocol.init Initializing ProtocolHandler ["ajp-nio-0.0.0.0-2009"]
14-May-2025 13:00:52.720 INFO [main] org.apache.catalina.startup.Catalina.load Server initialization in [910] milliseconds
14-May-2025 13:00:52.784 INFO [main] org.apache.catalina.core.StandardService.startInternal Starting service [Catalina]
14-May-2025 13:00:52.784 INFO [main] org.apache.catalina.core.StandardEngine.startInternal Starting Servlet engine: [Apache Tomcat/10.1.40]
14-May-2025 13:00:52.802 INFO [main] org.apache.catalina.startup.HostConfig.deployDirectory Deploying web application directory [/home/karishma/Downloads/apache-tomcat-10.1.40/webapps/manager]
14-May-2025 13:00:53.307 INFO [main] org.apache.catalina.startup.HostConfig.deployDirectory Deployment of web application directory [/home/karishma/Downloads/apache-tomcat-10.1.40/webapps/manager] has finished in [505] ms
14-May-2025 13:00:53.307 INFO [main] org.apache.catalina.startup.HostConfig.deployDirectory Deploying web application directory [/home/karishma/Downloads/apache-tomcat-10.1.40/webapps/ROOT]
14-May-2025 13:00:53.340 INFO [main] org.apache.catalina.startup.HostConfig.deployDirectory Deployment of web application directory [/home/karishma/Downloads/apache-tomcat-10.1.40/webapps/ROOT] has finished in [33] ms
14-May-2025 13:00:53.349 INFO [main] org.apache.coyote.AbstractProtocol.start Starting ProtocolHandler ["http-nio-2020"]
14-May-2025 13:00:53.362 INFO [main] org.apache.coyote.AbstractProtocol.start Starting ProtocolHandler ["ajp-nio-0.0.0.0-2009"]
14-May-2025 13:00:53.365 INFO [main] org.apache.catalina.startup.Catalina.start Server startup in [644] milliseconds
14-May-2025 13:10:03.439 INFO [Catalina-utility-2] org.apache.catalina.users.MemoryUserDatabase.backgroundProcess Reloading memory user database [UserDatabase] from updated source [file:/home/karishma/Downloads/apache-tomcat-10.1.40/conf/tomcat-users.xml]
14-May-2025 13:11:03.456 INFO [Catalina-utility-2] org.apache.catalina.users.MemoryUserDatabase.backgroundProcess Reloading memory user database [UserDatabase] from updated source [file:/home/karishma/Downloads/apache-tomcat-10.1.40/conf/tomcat-users.xml]
14-May-2025 13:15:53.498 INFO [Catalina-utility-2] org.apache.catalina.startup.HostConfig.undeploy Undeploying context [/manager]
14-May-2025 13:15:53.647 INFO [Catalina-utility-2] org.apache.catalina.startup.HostConfig.deployDirectory Deploying web application directory [/home/karishma/Downloads/apache-tomcat-10.1.40/webapps/manager]
14-May-2025 13:15:53.701 INFO [Catalina-utility-2] org.apache.catalina.startup.HostConfig.deployDirectory Deployment of web application directory [/home/karishma/Downloads/apache-tomcat-10.1.40/webapps/manager] has finished in [54] ms
14-May-2025 14:17:24.078 INFO [Catalina-utility-1] org.apache.catalina.startup.HostConfig.reload Reloading context []
14-May-2025 14:17:24.078 INFO [Catalina-utility-1] org.apache.catalina.core.StandardContext.reload Reloading Context with name [] has started
14-May-2025 14:17:24.159 INFO [Catalina-utility-1] org.apache.catalina.core.StandardContext.reload Reloading Context with name [] is completed
14-May-2025 14:17:24.160 INFO [Catalina-utility-1] org.apache.catalina.startup.HostConfig.reload Reloading context [/manager]
14-May-2025 14:17:24.160 INFO [Catalina-utility-1] org.apache.catalina.core.StandardContext.reload Reloading Context with name [/manager] has started
14-May-2025 14:17:24.201 INFO [Catalina-utility-1] org.apache.catalina.core.StandardContext.reload Reloading Context with name [/manager] is completed
14-May-2025 14:18:44.211 INFO [Catalina-utility-2] org.apache.catalina.startup.HostConfig.reload Reloading context []
14-May-2025 14:18:44.211 INFO [Catalina-utility-2] org.apache.catalina.core.StandardContext.reload Reloading Context with name [] has started
14-May-2025 14:18:44.273 SEVERE [Catalina-utility-2] org.apache.catalina.core.StandardContext.reload Exception starting Context with name []
	org.apache.catalina.LifecycleException: Failed to start component [StandardEngine[Catalina].StandardHost[localhost].StandardContext[]]
		at org.apache.catalina.util.LifecycleBase.handleSubClassException(LifecycleBase.java:406)
		at org.apache.catalina.util.LifecycleBase.start(LifecycleBase.java:179)
		at org.apache.catalina.core.StandardContext.reload(StandardContext.java:3258)
		at org.apache.catalina.startup.HostConfig.reload(HostConfig.java:1455)
		at org.apache.catalina.startup.HostConfig.checkResources(HostConfig.java:1430)
		at org.apache.catalina.startup.HostConfig.check(HostConfig.java:1656)
		at org.apache.catalina.startup.HostConfig.lifecycleEvent(HostConfig.java:299)
		at org.apache.catalina.util.LifecycleBase.fireLifecycleEvent(LifecycleBase.java:109)
		at org.apache.catalina.core.ContainerBase.backgroundProcess(ContainerBase.java:973)
		at org.apache.catalina.core.ContainerBase$ContainerBackgroundProcessor.processChildren(ContainerBase.java:1172)
		at org.apache.catalina.core.ContainerBase$ContainerBackgroundProcessor.processChildren(ContainerBase.java:1176)
		at org.apache.catalina.core.ContainerBase$ContainerBackgroundProcessor.run(ContainerBase.java:1154)
		at java.base/java.util.concurrent.Executors$RunnableAdapter.call(Executors.java:515)
		at java.base/java.util.concurrent.FutureTask.runAndReset(FutureTask.java:305)
		at java.base/java.util.concurrent.ScheduledThreadPoolExecutor$ScheduledFutureTask.run(ScheduledThreadPoolExecutor.java:305)
		at java.base/java.util.concurrent.ThreadPoolExecutor.runWorker(ThreadPoolExecutor.java:1128)
		at java.base/java.util.concurrent.ThreadPoolExecutor$Worker.run(ThreadPoolExecutor.java:628)
		at org.apache.tomcat.util.threads.TaskThread$WrappingRunnable.run(TaskThread.java:63)
		at java.base/java.lang.Thread.run(Thread.java:829)
	Caused by: java.lang.IllegalArgumentException: Filter mapping specifies an unknown filter name [httpHeaderSecurity]
		at org.apache.catalina.core.StandardContext.validateFilterMap(StandardContext.java:2792)
		at org.apache.catalina.core.StandardContext.addFilterMap(StandardContext.java:2765)
		at org.apache.catalina.startup.ContextConfig.configureContext(ContextConfig.java:1413)
		at org.apache.catalina.startup.ContextConfig.webConfig(ContextConfig.java:1303)
		at org.apache.catalina.startup.ContextConfig.configureStart(ContextConfig.java:972)
		at org.apache.catalina.startup.ContextConfig.lifecycleEvent(ContextConfig.java:290)
		at org.apache.catalina.util.LifecycleBase.fireLifecycleEvent(LifecycleBase.java:109)
		at org.apache.catalina.core.StandardContext.startInternal(StandardContext.java:4380)
		at org.apache.catalina.util.LifecycleBase.start(LifecycleBase.java:164)
		... 17 more
14-May-2025 14:18:44.275 INFO [Catalina-utility-2] org.apache.catalina.core.StandardContext.reload Reloading Context with name [] is completed
14-May-2025 14:18:44.275 INFO [Catalina-utility-2] org.apache.catalina.startup.HostConfig.reload Reloading context [/manager]
14-May-2025 14:18:44.275 INFO [Catalina-utility-2] org.apache.catalina.core.StandardContext.reload Reloading Context with name [/manager] has started
14-May-2025 14:18:44.304 SEVERE [Catalina-utility-2] org.apache.catalina.core.StandardContext.reload Exception starting Context with name [/manager]
	org.apache.catalina.LifecycleException: Failed to start component [StandardEngine[Catalina].StandardHost[localhost].StandardContext[/manager]]
		at org.apache.catalina.util.LifecycleBase.handleSubClassException(LifecycleBase.java:406)
		at org.apache.catalina.util.LifecycleBase.start(LifecycleBase.java:179)
		at org.apache.catalina.core.StandardContext.reload(StandardContext.java:3258)
		at org.apache.catalina.startup.HostConfig.reload(HostConfig.java:1455)
		at org.apache.catalina.startup.HostConfig.checkResources(HostConfig.java:1430)
		at org.apache.catalina.startup.HostConfig.check(HostConfig.java:1656)
		at org.apache.catalina.startup.HostConfig.lifecycleEvent(HostConfig.java:299)
		at org.apache.catalina.util.LifecycleBase.fireLifecycleEvent(LifecycleBase.java:109)
		at org.apache.catalina.core.ContainerBase.backgroundProcess(ContainerBase.java:973)
		at org.apache.catalina.core.ContainerBase$ContainerBackgroundProcessor.processChildren(ContainerBase.java:1172)
		at org.apache.catalina.core.ContainerBase$ContainerBackgroundProcessor.processChildren(ContainerBase.java:1176)
		at org.apache.catalina.core.ContainerBase$ContainerBackgroundProcessor.run(ContainerBase.java:1154)
		at java.base/java.util.concurrent.Executors$RunnableAdapter.call(Executors.java:515)
		at java.base/java.util.concurrent.FutureTask.runAndReset(FutureTask.java:305)
		at java.base/java.util.concurrent.ScheduledThreadPoolExecutor$ScheduledFutureTask.run(ScheduledThreadPoolExecutor.java:305)
		at java.base/java.util.concurrent.ThreadPoolExecutor.runWorker(ThreadPoolExecutor.java:1128)
		at java.base/java.util.concurrent.ThreadPoolExecutor$Worker.run(ThreadPoolExecutor.java:628)
		at org.apache.tomcat.util.threads.TaskThread$WrappingRunnable.run(TaskThread.java:63)
		at java.base/java.lang.Thread.run(Thread.java:829)
	Caused by: java.lang.IllegalArgumentException: Filter mapping specifies an unknown filter name [httpHeaderSecurity]
		at org.apache.catalina.core.StandardContext.validateFilterMap(StandardContext.java:2792)
		at org.apache.catalina.core.StandardContext.addFilterMap(StandardContext.java:2765)
		at org.apache.catalina.startup.ContextConfig.configureContext(ContextConfig.java:1413)
		at org.apache.catalina.startup.ContextConfig.webConfig(ContextConfig.java:1303)
		at org.apache.catalina.startup.ContextConfig.configureStart(ContextConfig.java:972)
		at org.apache.catalina.startup.ContextConfig.lifecycleEvent(ContextConfig.java:290)
		at org.apache.catalina.util.LifecycleBase.fireLifecycleEvent(LifecycleBase.java:109)
		at org.apache.catalina.core.StandardContext.startInternal(StandardContext.java:4380)
		at org.apache.catalina.util.LifecycleBase.start(LifecycleBase.java:164)
		... 17 more
14-May-2025 14:18:44.305 INFO [Catalina-utility-2] org.apache.catalina.core.StandardContext.reload Reloading Context with name [/manager] is completed
14-May-2025 14:34:44.381 INFO [Catalina-utility-1] org.apache.catalina.startup.HostConfig.reload Reloading context []
14-May-2025 14:34:44.432 INFO [Catalina-utility-1] org.apache.catalina.startup.HostConfig.reload Reloading context [/manager]
14-May-2025 14:35:04.464 INFO [Catalina-utility-2] org.apache.catalina.startup.HostConfig.reload Reloading context []
14-May-2025 14:35:04.464 INFO [Catalina-utility-2] org.apache.catalina.core.StandardContext.reload Reloading Context with name [] has started
14-May-2025 14:35:04.514 INFO [Catalina-utility-2] org.apache.catalina.core.StandardContext.reload Reloading Context with name [] is completed
14-May-2025 14:35:04.515 INFO [Catalina-utility-2] org.apache.catalina.startup.HostConfig.reload Reloading context [/manager]
14-May-2025 14:35:04.515 INFO [Catalina-utility-2] org.apache.catalina.core.StandardContext.reload Reloading Context with name [/manager] has started
14-May-2025 14:35:04.544 INFO [Catalina-utility-2] org.apache.catalina.core.StandardContext.reload Reloading Context with name [/manager] is completed
14-May-2025 14:35:54.551 INFO [Catalina-utility-1] org.apache.catalina.startup.HostConfig.reload Reloading context []
14-May-2025 14:35:54.551 INFO [Catalina-utility-1] org.apache.catalina.core.StandardContext.reload Reloading Context with name [] has started
14-May-2025 14:35:54.612 INFO [Catalina-utility-1] org.apache.catalina.core.StandardContext.reload Reloading Context with name [] is completed
14-May-2025 14:35:54.612 INFO [Catalina-utility-1] org.apache.catalina.startup.HostConfig.reload Reloading context [/manager]
14-May-2025 14:35:54.612 INFO [Catalina-utility-1] org.apache.catalina.core.StandardContext.reload Reloading Context with name [/manager] has started
14-May-2025 14:35:54.654 INFO [Catalina-utility-1] org.apache.catalina.core.StandardContext.reload Reloading Context with name [/manager] is completed
